Unlocking!
Opened!
Locked!
Closed!
Unlocking!
Opened!
Locked!
Closed!
Unlocking!
Opened!
Locked!
Closed!
Unlocking!
Opened!
Locked!
Closed!
Unlocking!
Opened!
Locked!
Closed!
Unlocking!
Opened!
Locked!
Closed!
Unlocking!
Opened!
Locked!
Closed!
Unlocking!
Opened!
Locked!
Closed!
Unlocking!
Opened!
Locked!
Closed!
Unlocking!
Opened!
Locked!
Closed!
Unlocking!
Opened!
Locked!
Closed!
Unlocking!
Opened!
Locked!
Closed!
Unlocking!
Opened!
Locked!
Closed!
Unlocking!
Opened!
Locked!
Closed!
Unlocking!
Opened!
Locked!
Closed!
Unlocking!
Opened!
Locked!
Closed!
Unlocking!
Opened!
Locked!
Closed!
Unlocking!
Opened!
Locked!
Closed!
Unlocking!
Opened!
Locked!
Closed!
Unlocking!
Opened!
Locked!
Closed!
Unlocking!
Opened!
Locked!
Closed!
Unlocking!
Opened!
Locked!
Closed!
Unlocking!
Opened!
Locked!
Closed!
Unlocking!
Opened!
Locked!
Closed!
Unlocking!
Opened!
Locked!
Closed!
Unlocking!
Opened!
Locked!
Closed!
Unlocking!
Opened!
Locked!
Closed!
Unlocking!
Opened!
Locked!
Closed!
Unlocking!
Opened!
Locked!
Closed!
Unlocking!
Opened!
Locked!
Closed!
Unlocking!
Opened!
Locked!
Closed!
Unlocking!
Opened!
Locked!
Closed!
Unlocking!
Opened!
Locked!
Closed!
Unlocking!
Opened!
Locked!
Closed!
Unlocking!
Opened!
Locked!
Closed!
Unlocking!
Opened!
Locked!
Closed!
Unlocking!
Opened!
Locked!
Closed!
Unlocking!
Opened!
Locked!
Closed!
Unlocking!
Opened!
Locked!
Closed!
Unlocking!
Opened!
Locked!
Closed!
Unlocking!
Opened!
Locked!
Closed!
Unlocking!
Opened!
Locked!
Closed!
Unlocking!
Opened!
Locked!
Closed!
Unlocking!
Opened!
Locked!
Closed!
Unlocking!
Opened!
Locked!
Closed!
Unlocking!
Opened!
Locked!
Closed!
Unlocking!
Opened!
Locked!
Closed!
Unlocking!
Opened!
Locked!
Closed!
Unlocking!
Opened!
Locked!
Closed!
Unlocking!
Opened!
Locked!
Closed!
Unlocking!
Opened!
Locked!
Closed!
Unlocking!
Opened!
Locked!
Closed!
Unlocking!
Opened!
Locked!
Closed!
Unlocking!
Opened!
Locked!
Closed!
Unlocking!
Opened!
Locked!
Closed!
Unlocking!
Opened!
Locked!
Closed!
Unlocking!
Opened!
Locked!
Closed!
Unlocking!
Opened!
Locked!
Closed!
Unlocking!
Opened!
Locked!
Closed!
Unlocking!
Opened!
Locked!
Closed!
Unlocking!
Opened!
Locked!
Closed!
Unlocking!
Opened!
Locked!
Closed!
Unlocking!
Opened!
Locked!
Closed!
Unlocking!
Opened!
Locked!
Closed!
Unlocking!
Opened!
Locked!
Closed!
Unlocking!
Opened!
Locked!
Closed!
Unlocking!
Opened!
Locked!
Closed!
Unlocking!
Opened!
Locked!
Closed!
Unlocking!
Opened!
Locked!
Closed!
Unlocking!
Opened!
Locked!
Closed!
Unlocking!
Opened!
Locked!
Closed!
Unlocking!
Opened!
Locked!
Closed!
Unlocking!
Opened!
Locked!
Closed!
Unlocking!
Opened!
Locked!
Closed!
Unlocking!
Opened!
Locked!
Closed!
Unlocking!
Opened!
Locked!
Closed!
Unlocking!
Opened!
Locked!
Closed!
Unlocking!
Opened!
Locked!
Closed!
Unlocking!
Opened!
Locked!
Closed!
Unlocking!
Opened!
Locked!
Closed!
Unlocking!
Opened!
Locked!
Closed!
Unlocking!
Opened!
Locked!
Closed!
Unlocking!
Opened!
Locked!
Closed!
Unlocking!
Opened!
Locked!
Closed!
Unlocking!
Opened!
Locked!
Closed!
Unlocking!
Opened!
Locked!
Closed!
Unlocking!
Opened!
Locked!
Closed!
Unlocking!
Opened!
Locked!
Closed!
Unlocking!
Opened!
Locked!
Closed!
Unlocking!
Opened!
Locked!
Closed!
Unlocking!
Opened!
Locked!
Closed!
Unlocking!
Opened!
Locked!
Closed!
Unlocking!
Opened!
Locked!
Closed!
Unlocking!
Opened!
Locked!
Closed!
Unlocking!
Opened!
Locked!
Closed!
Unlocking!
Opened!
Locked!
Closed!
Unlocking!
Opened!
Locked!
Closed!
Unlocking!
Opened!
Locked!
Closed!
Unlocking!
Opened!
Locked!
Closed!
Unlocking!
Opened!
Locked!
Closed!
Unlocking!
Opened!
Locked!
Closed!
Unlocking!
Opened!
Locked!
Closed!
Unlocking!
Opened!
Locked!
Closed!
Unlocking!
Opened!
Locked!
Closed!
Unlocking!
Opened!
Locked!
Closed!
Unlocking!
Opened!
Locked!
Closed!
Unlocking!
Opened!
Locked!
Closed!
Unlocking!
Opened!
Locked!
Closed!
Unlocking!
Opened!
Locked!
Closed!
Unlocking!
Opened!
Locked!
Closed!
Unlocking!
Opened!
Locked!
Closed!
Unlocking!
Opened!
Locked!
Closed!
Unlocking!
Opened!
Locked!
Closed!
Unlocking!
Opened!
Locked!
Closed!
Unlocking!
Opened!
Locked!
Closed!
Unlocking!
Opened!
Locked!
Closed!
Unlocking!
Opened!
Locked!
Closed!
Unlocking!
Opened!
Locked!
Closed!
Unlocking!
Opened!
Locked!
Closed!
Unlocking!
Opened!
Locked!
Closed!
Unlocking!
Opened!
Locked!
Closed!
Unlocking!
Opened!
Locked!
Closed!
Unlocking!
Opened!
Locked!
Closed!
Unlocking!
Opened!
Locked!
Closed!
Unlocking!
Opened!
Locked!
Closed!
Unlocking!
Opened!
Locked!
Closed!
Unlocking!
Opened!
Locked!
Closed!
Unlocking!
Opened!
Locked!
Closed!
Unlocking!
Opened!
Locked!
Closed!
Unlocking!
Opened!
Locked!
Closed!
Unlocking!
Opened!
Locked!
Closed!
Unlocking!
Opened!
Locked!
Closed!
Unlocking!
Opened!
Locked!
Closed!
Unlocking!
Opened!
Locked!
Closed!
Unlocking!
Opened!
Locked!
Closed!
Unlocking!
Opened!
Locked!
Closed!
Unlocking!
Opened!
Locked!
Closed!
Unlocking!
Opened!
Locked!
Closed!
Unlocking!
Opened!
Locked!
Closed!
Unlocking!
Opened!
Locked!
Closed!
Unlocking!
Opened!
Locked!
Closed!
Unlocking!
Opened!
Locked!
Closed!
Unlocking!
Opened!
Locked!
Closed!
Unlocking!
Opened!
Locked!
Closed!
Unlocking!
Opened!
Locked!
Closed!
Unlocking!
Opened!
Locked!
Closed!
Unlocking!
Opened!
Locked!
Closed!
Unlocking!
Opened!
Locked!
Closed!
Unlocking!
Opened!
Locked!
Closed!
Unlocking!
Opened!
Locked!
Closed!
Unlocking!
Opened!
Locked!
Closed!
Unlocking!
Opened!
Locked!
Closed!
Unlocking!
Opened!
Locked!
Closed!
Unlocking!
Opened!
Locked!
Closed!
Unlocking!
Opened!
Locked!
Closed!
Unlocking!
Opened!
Locked!
Closed!
Unlocking!
Opened!
Locked!
Closed!
Unlocking!
Opened!
Locked!
Closed!
Unlocking!
Opened!
Locked!
Closed!
Unlocking!
Opened!
Locked!
Closed!
Unlocking!
Opened!
Locked!
Closed!
Unlocking!
Opened!
Locked!
Closed!
Unlocking!
Opened!
Locked!
Closed!
Unlocking!
Opened!
Locked!
Closed!
Unlocking!
Opened!
Locked!
Closed!
Unlocking!
Opened!
Locked!
Closed!
Unlocking!
Opened!
Locked!
Closed!
Unlocking!
Opened!
Locked!
Closed!
Unlocking!
Opened!
Locked!
Closed!
Unlocking!
Opened!
Locked!
Closed!
Unlocking!
Opened!
Locked!
Closed!
Unlocking!
Opened!
Locked!
Closed!
Unlocking!
Opened!
Locked!
Closed!
Unlocking!
Opened!
Locked!
Closed!
Unlocking!
Opened!
Locked!
Closed!
Unlocking!
Opened!
Locked!
Closed!
Unlocking!
Opened!
Locked!
Closed!
Unlocking!
Opened!
Locked!
Closed!
Unlocking!
Opened!
Locked!
Closed!
Unlocking!
Opened!
Locked!
Closed!
Unlocking!
Opened!
Locked!
Closed!
Unlocking!
Opened!
Locked!
Closed!
Unlocking!
Opened!
Locked!
Closed!
Unlocking!
Opened!
Locked!
Closed!
Unlocking!
Opened!
Locked!
Closed!
Unlocking!
Opened!
Locked!
Closed!
Unlocking!
Opened!
Locked!
Closed!
Unlocking!
Opened!
Locked!
Closed!
Unlocking!
Opened!
Locked!
Closed!
Unlocking!
Opened!
Locked!
Closed!
Unlocking!
Opened!
Locked!
Closed!
Unlocking!
Opened!
Locked!
Closed!
Unlocking!
Opened!
Locked!
Closed!
Unlocking!
Opened!
Locked!
Closed!
Unlocking!
Opened!
Locked!
Closed!
Unlocking!
Opened!
Locked!
Closed!
Unlocking!
Opened!
Locked!
Closed!
Unlocking!
Opened!
Locked!
Closed!
Unlocking!
Opened!
Locked!
Closed!
Unlocking!
Opened!
Locked!
Closed!
Unlocking!
Opened!
Locked!
Closed!
Unlocking!
Opened!
Locked!
Closed!
Unlocking!
Opened!
Locked!
Closed!
Unlocking!
Opened!
Locked!
Closed!
Unlocking!
Opened!
Locked!
Closed!
Unlocking!
Opened!
Locked!
Closed!
Unlocking!
Opened!
Locked!
Closed!
Unlocking!
Opened!
Locked!
Closed!
Unlocking!
Opened!
Locked!
Closed!
Unlocking!
Opened!
Locked!
Closed!
Unlocking!
Opened!
Locked!
Closed!
Unlocking!
Opened!
Locked!
Closed!
Unlocking!
Opened!
Locked!
Closed!
Unlocking!
Opened!
Locked!
Closed!
Unlocking!
Opened!
Locked!
Closed!
Unlocking!
Opened!
Locked!
Closed!
Unlocking!
Opened!
Locked!
Closed!
Unlocking!
Opened!
Locked!
Closed!
Unlocking!
Opened!
Locked!
Closed!
Unlocking!
Opened!
Locked!
Closed!
Unlocking!
Opened!
Locked!
Closed!
Unlocking!
Opened!
Locked!
Closed!
Unlocking!
Opened!
Locked!
Closed!
Unlocking!
Opened!
Locked!
Closed!
Unlocking!
Opened!
Locked!
Closed!
Unlocking!
Opened!
Locked!
Closed!
Unlocking!
Opened!
Locked!
Closed!
Unlocking!
Opened!
Locked!
Closed!
Unlocking!
Opened!
Locked!
Closed!
Unlocking!
Opened!
Locked!
Closed!
Unlocking!
Opened!
Locked!
Closed!
Unlocking!
Opened!
Locked!
Closed!
Unlocking!
Opened!
Locked!
Closed!
Unlocking!
Opened!
Locked!
Closed!
Unlocking!
Opened!
Locked!
Closed!
Unlocking!
Opened!
Locked!
Closed!
Unlocking!
Opened!
Locked!
Closed!
Unlocking!
Opened!
Locked!
Closed!
Unlocking!
Opened!
Locked!
Closed!
Unlocking!
Opened!
Locked!
Closed!
Unlocking!
Opened!
Locked!
Closed!
Unlocking!
Opened!
Locked!
Closed!
Unlocking!
Opened!
Locked!
Closed!
Unlocking!
Opened!
Locked!
Closed!
Unlocking!
Opened!
Locked!
Closed!
Unlocking!
Opened!
Locked!
Closed!
Unlocking!
Opened!
Locked!
Closed!
Unlocking!
Opened!
Locked!
Closed!
Unlocking!
Opened!
Locked!
Closed!
Unlocking!
Opened!
Locked!
Closed!
Unlocking!
Opened!
Locked!
Closed!
Unlocking!
Opened!
Locked!
Closed!
Unlocking!
Opened!
Locked!
Closed!
Unlocking!
Opened!
Locked!
Closed!
Unlocking!
Opened!
Locked!
Closed!
Unlocking!
Opened!
Locked!
Closed!
Unlocking!
Opened!
Locked!
Closed!
Unlocking!
Opened!
Locked!
Closed!
Unlocking!
Opened!
Locked!
Closed!
Unlocking!
Opened!
Locked!
Closed!
Unlocking!
Opened!
Locked!
Closed!
Unlocking!
Opened!
Locked!
Closed!
Unlocking!
Opened!
Locked!
Closed!
Unlocking!
Opened!
Locked!
Closed!
Unlocking!
Opened!
Locked!
Closed!
Unlocking!
Opened!
Locked!
Closed!
Unlocking!
Opened!
Locked!
Closed!
Unlocking!
Opened!
Locked!
Closed!
Unlocking!
Opened!
Locked!
Closed!
Unlocking!
Opened!
Locked!
Closed!
Unlocking!
Opened!
Locked!
Closed!
Unlocking!
Opened!
Locked!
Closed!
Unlocking!
Opened!
Locked!
Closed!
Unlocking!
Opened!
Locked!
Closed!
Unlocking!
Opened!
Locked!
Closed!
Unlocking!
Opened!
Locked!
Closed!
Unlocking!
Opened!
Locked!
Closed!
Unlocking!
Opened!
Locked!
Closed!
Unlocking!
Opened!
Locked!
Closed!
Unlocking!
Opened!
Locked!
Closed!
Unlocking!
Opened!
Locked!
Closed!
Unlocking!
Opened!
Locked!
Closed!
Unlocking!
Opened!
Locked!
Closed!
Unlocking!
Opened!
Locked!
Closed!
Unlocking!
Opened!
Locked!
Closed!
Unlocking!
Opened!
Locked!
Closed!
Unlocking!
Opened!
Locked!
Closed!
Unlocking!
Opened!
Locked!
Closed!
Unlocking!
Opened!
Locked!
Closed!
Unlocking!
Opened!
Locked!
Closed!
Unlocking!
Opened!
Locked!
Closed!
Unlocking!
Opened!
Locked!
Closed!
Unlocking!
Opened!
Locked!
Closed!
Unlocking!
Opened!
Locked!
Closed!
Unlocking!
Opened!
Locked!
Closed!
Unlocking!
Opened!
Locked!
Closed!
Unlocking!
Opened!
Locked!
Closed!
Unlocking!
Opened!
Locked!
Closed!
Unlocking!
Opened!
Locked!
Closed!
Unlocking!
Opened!
Locked!
Closed!
Unlocking!
Opened!
Locked!
Closed!
Unlocking!
Opened!
Locked!
Closed!
Unlocking!
Opened!
Locked!
Closed!
Unlocking!
Opened!
Locked!
Closed!
Unlocking!
Opened!
Locked!
Closed!
Unlocking!
Opened!
Locked!
Closed!
Unlocking!
Opened!
Locked!
Closed!
Unlocking!
Opened!
Locked!
Closed!
Unlocking!
Opened!
Locked!
Closed!
Unlocking!
Opened!
Locked!
Closed!
Unlocking!
Opened!
Locked!
Closed!
Unlocking!
Opened!
Locked!
Closed!
Unlocking!
Opened!
Locked!
Closed!
Unlocking!
Opened!
Locked!
Closed!
Unlocking!
Opened!
Locked!
Closed!
Unlocking!
Opened!
Locked!
Closed!
Unlocking!
Opened!
Locked!
Closed!
Unlocking!
Opened!
Locked!
Closed!
Unlocking!
Opened!
Locked!
Closed!
Unlocking!
Opened!
Locked!
Closed!
Unlocking!
Opened!
Locked!
Closed!
Unlocking!
Opened!
Locked!
Closed!
Unlocking!
Opened!
Locked!
Closed!
Unlocking!
Opened!
Locked!
Closed!
Unlocking!
Opened!
Locked!
Closed!
Unlocking!
Opened!
Locked!
Closed!
Unlocking!
Opened!
Locked!
Closed!
Unlocking!
Opened!
Locked!
Closed!
Unlocking!
Opened!
Locked!
Closed!
Unlocking!
Opened!
Locked!
Closed!
Unlocking!
Opened!
Locked!
Closed!
Unlocking!
Opened!
Locked!
Closed!
Unlocking!
Opened!
Locked!
Closed!
Unlocking!
Opened!
Locked!
Closed!
Unlocking!
Opened!
Locked!
Closed!
Unlocking!
Opened!
Locked!
Closed!
Unlocking!
Opened!
Locked!
Closed!
Unlocking!
Opened!
Locked!
Closed!
Unlocking!
Opened!
Locked!
Closed!
Unlocking!
Opened!
Locked!
Closed!
Unlocking!
Opened!
Locked!
Closed!
Unlocking!
Opened!
Locked!
Closed!
Unlocking!
Opened!
Locked!
Closed!
Unlocking!
Opened!
Locked!
Closed!
Unlocking!
Opened!
Locked!
Closed!
Unlocking!
Opened!
Locked!
Closed!
Unlocking!
Opened!
Locked!
Closed!
Unlocking!
Opened!
Locked!
Closed!
Unlocking!
Opened!
Locked!
Closed!
Unlocking!
Opened!
Locked!
Closed!
Unlocking!
Opened!
Locked!
Closed!
Unlocking!
Opened!
Locked!
Closed!
Unlocking!
Opened!
Locked!
Closed!
Unlocking!
Opened!
Locked!
Closed!
Unlocking!
Opened!
Locked!
Closed!
Unlocking!
Opened!
Locked!
Closed!
Unlocking!
Opened!
Locked!
Closed!
Unlocking!
Opened!
Locked!
Closed!
Unlocking!
Opened!
Locked!
Closed!
Unlocking!
Opened!
Locked!
Closed!
Unlocking!
Opened!
Locked!
Closed!
Unlocking!
Opened!
Locked!
Closed!
Unlocking!
Opened!
Locked!
Closed!
Unlocking!
Opened!
Locked!
Closed!
Unlocking!
Opened!
Locked!
Closed!
Unlocking!
Opened!
Locked!
Closed!
Unlocking!
Opened!
Locked!
Closed!
Unlocking!
Opened!
Locked!
Closed!
Unlocking!
Opened!
Locked!
Closed!
Unlocking!
Opened!
Locked!
Closed!
Unlocking!
Opened!
Locked!
Closed!
Unlocking!
Opened!
Locked!
Closed!
Unlocking!
Opened!
Locked!
Closed!
Unlocking!
Opened!
Locked!
Closed!
Unlocking!
Opened!
Locked!
Closed!
Unlocking!
Opened!
Locked!
Closed!
Unlocking!
Opened!
Locked!
Closed!
Unlocking!
Opened!
Locked!
Closed!
Unlocking!
Opened!
Locked!
Closed!
Unlocking!
Opened!
Locked!
Closed!
Unlocking!
Opened!
Locked!
Closed!
Unlocking!
Opened!
Locked!
Closed!
Unlocking!
Opened!
Locked!
Closed!
Unlocking!
Opened!
Locked!
Closed!
Unlocking!
Opened!
Locked!
Closed!
Unlocking!
Opened!
Locked!
Closed!
Unlocking!
Opened!
Locked!
Closed!
Unlocking!
Opened!
Locked!
Closed!
Unlocking!
Opened!
Locked!
Closed!
Unlocking!
Opened!
Locked!
Closed!
Unlocking!
Opened!
Locked!
Closed!
Unlocking!
Opened!
Locked!
Closed!
Unlocking!
Opened!
Locked!
Closed!
Unlocking!
Opened!
Locked!
Closed!
Unlocking!
Opened!
Locked!
Closed!
Unlocking!
Opened!
Locked!
Closed!
Unlocking!
Opened!
Locked!
Closed!
Unlocking!
Opened!
Locked!
Closed!
Unlocking!
Opened!
Locked!
Closed!
Unlocking!
Opened!
Locked!
Closed!
Unlocking!
Opened!
Locked!
Closed!
Unlocking!
Opened!
Locked!
Closed!
Unlocking!
Opened!
Locked!
Closed!
Unlocking!
Opened!
Locked!
Closed!
Unlocking!
Opened!
Locked!
Closed!
Unlocking!
Opened!
Locked!
Closed!
Unlocking!
Opened!
Locked!
Closed!
Unlocking!
Opened!
Locked!
Closed!
Unlocking!
Opened!
Locked!
Closed!
Unlocking!
Opened!
Locked!
Closed!
Unlocking!
Opened!
Locked!
Closed!
Unlocking!
Opened!
Locked!
Closed!
Unlocking!
Opened!
Locked!
Closed!
Unlocking!
Opened!
Locked!
Closed!
Unlocking!
Opened!
Locked!
Closed!
Unlocking!
Opened!
Locked!
Closed!
Unlocking!
Opened!
Locked!
Closed!
Unlocking!
Opened!
Locked!
Closed!
Unlocking!
Opened!
Locked!
Closed!
Unlocking!
Opened!
Locked!
Closed!
Unlocking!
Opened!
Locked!
Closed!
Unlocking!
Opened!
Locked!
Closed!
Unlocking!
Opened!
Locked!
Closed!
Unlocking!
Opened!
Locked!
Closed!
Unlocking!
Opened!
Locked!
Closed!
Unlocking!
Opened!
Locked!
Closed!
Unlocking!
Opened!
Locked!
Closed!
Unlocking!
Opened!
Locked!
Closed!
Unlocking!
Opened!
Locked!
Closed!
Unlocking!
Opened!
Locked!
Closed!
Unlocking!
Opened!
Locked!
Closed!
Unlocking!
Opened!
Locked!
Closed!
Unlocking!
Opened!
Locked!
Closed!
Unlocking!
Opened!
Locked!
Closed!
Unlocking!
Opened!
Locked!
Closed!
Unlocking!
Opened!
Locked!
Closed!
Unlocking!
Opened!
Locked!
Closed!
Unlocking!
Opened!
Locked!
Closed!
Unlocking!
Opened!
Locked!
Closed!
Unlocking!
Opened!
Locked!
Closed!
Unlocking!
Opened!
Locked!
Closed!
Unlocking!
Opened!
Locked!
Closed!
Unlocking!
Opened!
Locked!
Closed!
Unlocking!
Opened!
Locked!
Closed!
Unlocking!
Opened!
Locked!
Closed!
Unlocking!
Opened!
Locked!
Closed!
Unlocking!
Opened!
Locked!
Closed!
Unlocking!
Opened!
Locked!
Closed!
Unlocking!
Opened!
Locked!
Closed!
Unlocking!
Opened!
Locked!
Closed!
Unlocking!
Opened!
Locked!
Closed!
Unlocking!
Opened!
Locked!
Closed!
Unlocking!
Opened!
Locked!
Closed!
Unlocking!
Opened!
Locked!
Closed!
Unlocking!
Opened!
Locked!
Closed!
Unlocking!
Opened!
Locked!
Closed!
Unlocking!
Opened!
Locked!
Closed!
Unlocking!
Opened!
Locked!
Closed!
Unlocking!
Opened!
Locked!
Closed!
Unlocking!
Opened!
Locked!
Closed!
Unlocking!
Opened!
Locked!
Closed!
Unlocking!
Opened!
Locked!
Closed!
Unlocking!
Opened!
Locked!
Closed!
Unlocking!
Opened!
Locked!
Closed!
Unlocking!
Opened!
Locked!
Closed!
Unlocking!
Opened!
Locked!
Closed!
Unlocking!
Opened!
Locked!
Closed!
Unlocking!
Opened!
Locked!
Closed!
Unlocking!
Opened!
Locked!
Closed!
Unlocking!
Opened!
Locked!
Closed!
Unlocking!
Opened!
Locked!
Closed!
Unlocking!
Opened!
Locked!
Closed!
Unlocking!
Opened!
Locked!
Closed!
Unlocking!
Opened!
Locked!
Closed!
Unlocking!
Opened!
Locked!
Closed!
Unlocking!
Opened!
Locked!
Closed!
Unlocking!
Opened!
Locked!
Closed!
Unlocking!
Opened!
Locked!
Closed!
Unlocking!
Opened!
Locked!
Closed!
Unlocking!
Opened!
Locked!
Closed!
Unlocking!
Opened!
Locked!
Closed!
Unlocking!
Opened!
Locked!
Closed!
Unlocking!
Opened!
Locked!
Closed!
Unlocking!
Opened!
Locked!
Closed!
Unlocking!
Opened!
Locked!
Closed!
Unlocking!
Opened!
Locked!
Closed!
Unlocking!
Opened!
Locked!
Closed!
Unlocking!
Opened!
Locked!
Closed!
Unlocking!
Opened!
Locked!
Closed!
Unlocking!
Opened!
Locked!
Closed!
Unlocking!
Opened!
Locked!
Closed!
Unlocking!
Opened!
Locked!
Closed!
Unlocking!
Opened!
Locked!
Closed!
Unlocking!
Opened!
Locked!
Closed!
Unlocking!
Opened!
Locked!
Closed!
Unlocking!
Opened!
Locked!
Closed!
Unlocking!
Opened!
Locked!
Closed!
Unlocking!
Opened!
Locked!
Closed!
Unlocking!
Opened!
Locked!
Closed!
Unlocking!
Opened!
Locked!
Closed!
Unlocking!
Opened!
Locked!
Closed!
Unlocking!
Opened!
Locked!
Closed!
Unlocking!
Opened!
Locked!
Closed!
Unlocking!
Opened!
Locked!
Closed!
Unlocking!
Opened!
Locked!
Closed!
Unlocking!
Opened!
Locked!
Closed!
Unlocking!
Opened!
Locked!
Closed!
Unlocking!
Opened!
Locked!
Closed!
Unlocking!
Opened!
Locked!
Closed!
Unlocking!
Opened!
Locked!
Closed!
Unlocking!
Opened!
Locked!
Closed!
Unlocking!
Opened!
Locked!
Closed!
Unlocking!
Opened!
Locked!
Closed!
Unlocking!
Opened!
Locked!
Closed!
Unlocking!
Opened!
Locked!
Closed!
Unlocking!
Opened!
Locked!
Closed!
Unlocking!
Opened!
Locked!
Closed!
Unlocking!
Opened!
Locked!
Closed!
Unlocking!
Opened!
Locked!
Closed!
Unlocking!
Opened!
Locked!
Closed!
Unlocking!
Opened!
Locked!
Closed!
Unlocking!
Opened!
Locked!
Closed!
Unlocking!
Opened!
Locked!
Closed!
Unlocking!
Opened!
Locked!
Closed!
Unlocking!
Opened!
Locked!
Closed!
Unlocking!
Opened!
Locked!
Closed!
Unlocking!
Opened!
Locked!
Closed!
Unlocking!
Opened!
Locked!
Closed!
Unlocking!
Opened!
Locked!
Closed!
Unlocking!
Opened!
Locked!
Closed!
Unlocking!
Opened!
Locked!
Closed!
Unlocking!
Opened!
Locked!
Closed!
Unlocking!
Opened!
Locked!
Closed!
Unlocking!
Opened!
Locked!
Closed!
Unlocking!
Opened!
Locked!
Closed!
Unlocking!
Opened!
Locked!
Closed!
Unlocking!
Opened!
Locked!
Closed!
Unlocking!
Opened!
Locked!
Closed!
Unlocking!
Opened!
Locked!
Closed!
Unlocking!
Opened!
Locked!
Closed!
Unlocking!
Opened!
Locked!
Closed!
Unlocking!
Opened!
Locked!
Closed!
Unlocking!
Opened!
Locked!
Closed!
Unlocking!
Opened!
Locked!
Closed!
Unlocking!
Opened!
Locked!
Closed!
Unlocking!
Opened!
Locked!
Closed!
Unlocking!
Opened!
Locked!
Closed!
Unlocking!
Opened!
Locked!
Closed!
Unlocking!
Opened!
Locked!
Closed!
Unlocking!
Opened!
Locked!
Closed!
Unlocking!
Opened!
Locked!
Closed!
Unlocking!
Opened!
Locked!
Closed!
Unlocking!
Opened!
Locked!
Closed!
Unlocking!
Opened!
Locked!
Closed!
Unlocking!
Opened!
Locked!
Closed!
Unlocking!
Opened!
Locked!
Closed!
Unlocking!
Opened!
Locked!
Closed!
Unlocking!
Opened!
Locked!
Closed!
Unlocking!
Opened!
Locked!
Closed!
Unlocking!
Opened!
Locked!
Closed!
Unlocking!
Opened!
Locked!
Closed!
Unlocking!
Opened!
Locked!
Closed!
Unlocking!
Opened!
Locked!
Closed!
Unlocking!
Opened!
Locked!
Closed!
Unlocking!
Opened!
Locked!
Closed!
Unlocking!
Opened!
Locked!
Closed!
Unlocking!
Opened!
Locked!
Closed!
Unlocking!
Opened!
Locked!
Closed!
Unlocking!
Opened!
Locked!
Closed!
Unlocking!
Opened!
Locked!
Closed!
Unlocking!
Opened!
Locked!
Closed!
Unlocking!
Opened!
Locked!
Closed!
Unlocking!
Opened!
Locked!
Closed!
Unlocking!
Opened!
Locked!
Closed!
Unlocking!
Opened!
Locked!
Closed!
Unlocking!
Opened!
Locked!
Closed!
Unlocking!
Opened!
Locked!
Closed!
Unlocking!
Opened!
Locked!
Closed!
Unlocking!
Opened!
Locked!
Closed!
Unlocking!
Opened!
Locked!
Closed!
Unlocking!
Opened!
Locked!
Closed!
Unlocking!
Opened!
Locked!
Closed!
Unlocking!
Opened!
Locked!
Closed!
Unlocking!
Opened!
Locked!
Closed!
Unlocking!
Opened!
Locked!
Closed!
Unlocking!
Opened!
Locked!
Closed!
Unlocking!
Opened!
Locked!
Closed!
Unlocking!
Opened!
Locked!
Closed!
Unlocking!
Opened!
Locked!
Closed!
Unlocking!
Opened!
Locked!
Closed!
Unlocking!
Opened!
Locked!
Closed!
Unlocking!
Opened!
Locked!
Closed!
Unlocking!
Opened!
Locked!
Closed!
Unlocking!
Opened!
Locked!
Closed!
Unlocking!
Opened!
Locked!
Closed!
Unlocking!
Opened!
Locked!
Closed!
Unlocking!
Opened!
Locked!
Closed!
Unlocking!
Opened!
Locked!
Closed!
Unlocking!
Opened!
Locked!
Closed!
Unlocking!
Opened!
Locked!
Closed!
Unlocking!
Opened!
Locked!
Closed!
Unlocking!
Opened!
Locked!
Closed!
Unlocking!
Opened!
Locked!
Closed!
Unlocking!
Opened!
Locked!
Closed!
Unlocking!
Opened!
Locked!
Closed!
Unlocking!
Opened!
Locked!
Closed!
Unlocking!
Opened!
Locked!
Closed!
Unlocking!
Opened!
Locked!
Closed!
Unlocking!
Opened!
Locked!
Closed!
Unlocking!
Opened!
Locked!
Closed!
Unlocking!
Opened!
Locked!
Closed!
Unlocking!
Opened!
Locked!
Closed!
Unlocking!
Opened!
Locked!
Closed!
Unlocking!
Opened!
Locked!
Closed!
Unlocking!
Opened!
Locked!
Closed!
Unlocking!
Opened!
Locked!
Closed!
Unlocking!
Opened!
Locked!
Closed!
Unlocking!
Opened!
Locked!
Closed!
Unlocking!
Opened!
Locked!
Closed!
Unlocking!
Opened!
Locked!
Closed!
Unlocking!
Opened!
Locked!
Closed!
Unlocking!
Opened!
Locked!
Closed!
Unlocking!
Opened!
Locked!
Closed!
Unlocking!
Opened!
Locked!
Closed!
Unlocking!
Opened!
Locked!
Closed!
Unlocking!
Opened!
Locked!
Closed!
Unlocking!
Opened!
Locked!
Closed!
Unlocking!
Opened!
Locked!
Closed!
Unlocking!
Opened!
Locked!
Closed!
Unlocking!
Opened!
Locked!
Closed!
Unlocking!
Opened!
Locked!
Closed!
Unlocking!
Opened!
Locked!
Closed!
Unlocking!
Opened!
Locked!
Closed!
Unlocking!
Opened!
Locked!
Closed!
Unlocking!
Opened!
Locked!
Closed!
Unlocking!
Opened!
Locked!
Closed!
Unlocking!
Opened!
Locked!
Closed!
Unlocking!
Opened!
Locked!
Closed!
Unlocking!
Opened!
Locked!
Closed!
Unlocking!
Opened!
Locked!
Closed!
Unlocking!
Opened!
Locked!
Closed!
Unlocking!
Opened!
Locked!
Closed!
Unlocking!
Opened!
Locked!
Closed!
Unlocking!
Opened!
Locked!
Closed!
Unlocking!
Opened!
Locked!
Closed!
Unlocking!
Opened!
Locked!
Closed!
Unlocking!
Opened!
Locked!
Closed!
Unlocking!
Opened!
Locked!
Closed!
Unlocking!
Opened!
Locked!
Closed!
Unlocking!
Opened!
Locked!
Closed!
Unlocking!
Opened!
Locked!
Closed!
Unlocking!
Opened!
Locked!
Closed!
Unlocking!
Opened!
Locked!
Closed!
Unlocking!
Opened!
Locked!
Closed!
Unlocking!
Opened!
Locked!
Closed!
Unlocking!
Opened!
Locked!
Closed!
Unlocking!
Opened!
Locked!
Closed!
Unlocking!
Opened!
Locked!
Closed!
Unlocking!
Opened!
Locked!
Closed!
Unlocking!
Opened!
Locked!
Closed!
Unlocking!
Opened!
Locked!
Closed!
Unlocking!
Opened!
Locked!
Closed!
Unlocking!
Opened!
Locked!
Closed!
Unlocking!
Opened!
Locked!
Closed!
Unlocking!
Opened!
Locked!
Closed!
Unlocking!
Opened!
Locked!
Closed!
Unlocking!
Opened!
Locked!
Closed!
Unlocking!
Opened!
Locked!
Closed!
Unlocking!
Opened!
Locked!
Closed!
Unlocking!
Opened!
Locked!
Closed!
Unlocking!
Opened!
Locked!
Closed!
Unlocking!
Opened!
Locked!
Closed!
Unlocking!
Opened!
Locked!
Closed!
Unlocking!
Opened!
Locked!
Closed!
Unlocking!
Opened!
Locked!
Closed!
Unlocking!
Opened!
Locked!
Closed!
Unlocking!
Opened!
Locked!
Closed!
Unlocking!
Opened!
Locked!
Closed!
Unlocking!
Opened!
Locked!
Closed!
Unlocking!
Opened!
Locked!
Closed!
Unlocking!
Opened!
Locked!
Closed!
Unlocking!
Opened!
Locked!
Closed!
Unlocking!
Opened!
Locked!
Closed!
Unlocking!
Opened!
Locked!
Closed!
Unlocking!
Opened!
Locked!
Closed!
Unlocking!
Opened!
Locked!
Closed!
Unlocking!
Opened!
Locked!
Closed!
Unlocking!
Opened!
Locked!
Closed!
Unlocking!
Opened!
Locked!
Closed!
Unlocking!
Opened!
Locked!
Closed!
Unlocking!
Opened!
Locked!
Closed!
Unlocking!
Opened!
Locked!
Closed!
Unlocking!
Opened!
Locked!
Closed!
Unlocking!
Opened!
Locked!
Closed!
Unlocking!
Opened!
Locked!
Closed!
Unlocking!
Opened!
Locked!
Closed!
Unlocking!
Opened!
Locked!
Closed!
Unlocking!
Opened!
Locked!
Closed!
Unlocking!
Opened!
Locked!
Closed!
Unlocking!
Opened!
Locked!
Closed!
Unlocking!
Opened!
Locked!
Closed!
Unlocking!
Opened!
Locked!
Closed!
Unlocking!
Opened!
Locked!
Closed!
Unlocking!
Opened!
Locked!
Closed!
Unlocking!
Opened!
Locked!
Closed!
Unlocking!
Opened!
Locked!
Closed!
Unlocking!
Opened!
Locked!
Closed!
Unlocking!
Opened!
Locked!
Closed!
Unlocking!
Opened!
Locked!
Closed!
Unlocking!
Opened!
Locked!
Closed!
Unlocking!
Opened!
Locked!
Closed!
Unlocking!
Opened!
Locked!
Closed!
Unlocking!
Opened!
Locked!
Closed!
Unlocking!
Opened!
Locked!
Closed!
Unlocking!
Opened!
Locked!
Closed!
Unlocking!
Opened!
Locked!
Closed!
Unlocking!
Opened!
Locked!
Closed!
Unlocking!
Opened!
Locked!
Closed!
Unlocking!
Opened!
Locked!
Closed!
Unlocking!
Opened!
Locked!
Closed!
Unlocking!
Opened!
Locked!
Closed!
Unlocking!
Opened!
Locked!
Closed!
Unlocking!
Opened!
Locked!
Closed!
Unlocking!
Opened!
Locked!
Closed!
Unlocking!
Opened!
Locked!
Closed!
Unlocking!
Opened!
Locked!
Closed!
Unlocking!
Opened!
Locked!
Closed!
Unlocking!
Opened!
Locked!
Closed!
Unlocking!
Opened!
Locked!
Closed!
Unlocking!
Opened!
Locked!
Closed!
Unlocking!
Opened!
Locked!
Closed!
Unlocking!
Opened!
Locked!
Closed!
Unlocking!
Opened!
Locked!
Closed!
Unlocking!
Opened!
Locked!
Closed!
Unlocking!
Opened!
Locked!
Closed!
Unlocking!
Opened!
Locked!
Closed!
Unlocking!
Opened!
Locked!
Closed!
Unlocking!
Opened!
Locked!
Closed!
Unlocking!
Opened!
Locked!
Closed!
Unlocking!
Opened!
Locked!
Closed!
Unlocking!
Opened!
Locked!
Closed!
Unlocking!
Opened!
Locked!
Closed!
Unlocking!
Opened!
Locked!
Closed!
Unlocking!
Opened!
Locked!
Closed!
Unlocking!
Opened!
Locked!
Closed!
Unlocking!
Opened!
Locked!
Closed!
Unlocking!
Opened!
Locked!
Closed!
Unlocking!
Opened!
Locked!
Closed!
Unlocking!
Opened!
Locked!
Closed!
Unlocking!
Opened!
Locked!
Closed!
Unlocking!
Opened!
Locked!
Closed!
Unlocking!
Opened!
Locked!
Closed!
Unlocking!
Opened!
Locked!
Closed!
Unlocking!
Opened!
Locked!
Closed!
Unlocking!
Opened!
Locked!
Closed!
Unlocking!
Opened!
Locked!
Closed!
Unlocking!
Opened!
Locked!
Closed!
Unlocking!
Opened!
Locked!
Closed!
Unlocking!
Opened!
Locked!
Closed!
Unlocking!
Opened!
Locked!
Closed!
Unlocking!
Opened!
Locked!
Closed!
Unlocking!
Opened!
Locked!
Closed!
Unlocking!
Opened!
Locked!
Closed!
Unlocking!
Opened!
Locked!
Closed!
Unlocking!
Opened!
Locked!
Closed!
Unlocking!
Opened!
Locked!
Closed!
Unlocking!
Opened!
Locked!
Closed!
Unlocking!
Opened!
Locked!
Closed!
Unlocking!
Opened!
Locked!
Closed!
Unlocking!
Opened!
Locked!
Closed!
Unlocking!
Opened!
Locked!
Closed!
Unlocking!
Opened!
Locked!
Closed!
Unlocking!
Opened!
Locked!
Closed!
Unlocking!
Opened!
Locked!
Closed!
Unlocking!
Opened!
Locked!
Closed!
Unlocking!
Opened!
Locked!
Closed!
Unlocking!
Opened!
Locked!
Closed!
Unlocking!
Opened!
Locked!
Closed!
Unlocking!
Opened!
Locked!
Closed!
Unlocking!
Opened!
Locked!
Closed!
Unlocking!
Opened!
Locked!
Closed!
Unlocking!
Opened!
Locked!
Closed!
Unlocking!
Opened!
Locked!
Closed!
Unlocking!
Opened!
Locked!
Closed!
Unlocking!
Opened!
Locked!
Closed!
Unlocking!
Opened!
Locked!
Closed!
Unlocking!
Opened!
Locked!
Closed!
Unlocking!
Opened!
Locked!
Closed!
Unlocking!
Opened!
Locked!
Closed!
Unlocking!
Opened!
Locked!
Closed!
Unlocking!
Opened!
Locked!
Closed!
Unlocking!
Opened!
Locked!
Closed!
Unlocking!
Opened!
Locked!
Closed!
Unlocking!
Opened!
Locked!
Closed!
Unlocking!
Opened!
Locked!
Closed!
Unlocking!
Opened!
Locked!
Closed!
Unlocking!
Opened!
Locked!
Closed!
Unlocking!
Opened!
Locked!
Closed!
Unlocking!
Opened!
Locked!
Closed!
Unlocking!
Opened!
Locked!
Closed!
Unlocking!
Opened!
Locked!
Closed!
Unlocking!
Opened!
Locked!
Closed!
Unlocking!
Opened!
Locked!
Closed!
Unlocking!
Opened!
Locked!
Closed!
Unlocking!
Opened!
Locked!
Closed!
Unlocking!
Opened!
Locked!
Closed!
Unlocking!
Opened!
Locked!
Closed!
Unlocking!
Opened!
Locked!
Closed!
Unlocking!
Opened!
Locked!
Closed!
Unlocking!
Opened!
Locked!
Closed!
Unlocking!
Opened!
Locked!
Closed!
Unlocking!
Opened!
Locked!
Closed!
Unlocking!
Opened!
Locked!
Closed!
Unlocking!
Opened!
Locked!
Closed!
Unlocking!
Opened!
Locked!
Closed!
Unlocking!
Opened!
Locked!
Closed!
Unlocking!
Opened!
Locked!
Closed!
Unlocking!
Opened!
Locked!
Closed!
Unlocking!
Opened!
Locked!
Closed!
Unlocking!
Opened!
Locked!
Closed!
Unlocking!
Opened!
Locked!
Closed!
Unlocking!
Opened!
Locked!
Closed!
Unlocking!
Opened!
Locked!
Closed!
Unlocking!
Opened!
Locked!
Closed!
Unlocking!
Opened!
Locked!
Closed!
Unlocking!
Opened!
Locked!
Closed!
Unlocking!
Opened!
Locked!
Closed!
Unlocking!
Opened!
Locked!
Closed!
Unlocking!
Opened!
Locked!
Closed!
Unlocking!
Opened!
Locked!
Closed!
Unlocking!
Opened!
Locked!
Closed!
Unlocking!
Opened!
Locked!
Closed!
Unlocking!
Opened!
Locked!
Closed!
Unlocking!
Opened!
Locked!
Closed!
Unlocking!
Opened!
Locked!
Closed!
Unlocking!
Opened!
Locked!
Closed!
Unlocking!
Opened!
Locked!
Closed!
Unlocking!
Opened!
Locked!
Closed!
Unlocking!
Opened!
Locked!
Closed!
Unlocking!
Opened!
Locked!
Closed!
Unlocking!
Opened!
Locked!
Closed!
Unlocking!
Opened!
Locked!
Closed!
Unlocking!
Opened!
Locked!
Closed!
Unlocking!
Opened!
Locked!
Closed!
Unlocking!
Opened!
Locked!
Closed!
Unlocking!
Opened!
Locked!
Closed!
Unlocking!
Opened!
Locked!
Closed!
Unlocking!
Opened!
Locked!
Closed!
Unlocking!
Opened!
Locked!
Closed!
Unlocking!
Opened!
Locked!
Closed!
Unlocking!
Opened!
Locked!
Closed!
Unlocking!
Opened!
Locked!
Closed!
Unlocking!
Opened!
Locked!
Closed!
Unlocking!
Opened!
Locked!
Closed!
Unlocking!
Opened!
Locked!
Closed!
Unlocking!
Opened!
Locked!
Closed!
Unlocking!
Opened!
Locked!
Closed!
Unlocking!
Opened!
Locked!
Closed!
Unlocking!
Opened!
Locked!
Closed!
Unlocking!
Opened!
Locked!
Closed!
Unlocking!
Opened!
Locked!
Closed!
Unlocking!
Opened!
Locked!
Closed!
Unlocking!
Opened!
Locked!
Closed!
Unlocking!
Opened!
Locked!
Closed!
Unlocking!
Opened!
Locked!
Closed!
Unlocking!
Opened!
Locked!
Closed!
Unlocking!
Opened!
Locked!
Closed!
Unlocking!
Opened!
Locked!
Closed!
Unlocking!
Opened!
Locked!
Closed!
Unlocking!
Opened!
Locked!
Closed!
Unlocking!
Opened!
Locked!
Closed!
Unlocking!
Opened!
Locked!
Closed!
Unlocking!
Opened!
Locked!
Closed!
Unlocking!
Opened!
Locked!
Closed!
Unlocking!
Opened!
Locked!
Closed!
Unlocking!
Opened!
Locked!
Closed!
Unlocking!
Opened!
Locked!
Closed!
Unlocking!
Opened!
Locked!
Closed!
Unlocking!
Opened!
Locked!
Closed!
Unlocking!
Opened!
Locked!
Closed!
Unlocking!
Opened!
Locked!
Closed!
Unlocking!
Opened!
Locked!
Closed!
Unlocking!
Opened!
Locked!
Closed!
Unlocking!
Opened!
Locked!
Closed!
Unlocking!
Opened!
Locked!
Closed!
Unlocking!
Opened!
Locked!
Closed!
Unlocking!
Opened!
Locked!
Closed!
Unlocking!
Opened!
Locked!
Closed!
Unlocking!
Opened!
Locked!
Closed!
Unlocking!
Opened!
Locked!
Closed!
Unlocking!
Opened!
Locked!
Closed!
Unlocking!
Opened!
Locked!
Closed!
Unlocking!
Opened!
Locked!
Closed!
Unlocking!
Opened!
Locked!
Closed!
Unlocking!
Opened!
Locked!
Closed!
Unlocking!
Opened!
Locked!
Closed!
Unlocking!
Opened!
Locked!
Closed!
Unlocking!
Opened!
Locked!
Closed!
Unlocking!
Opened!
Locked!
Closed!
Unlocking!
Opened!
Locked!
Closed!
Unlocking!
Opened!
Locked!
Closed!
Unlocking!
Opened!
Locked!
Closed!
Unlocking!
Opened!
Locked!
Closed!
Unlocking!
Opened!
Locked!
Closed!
Unlocking!
Opened!
Locked!
Closed!
Unlocking!
Opened!
Locked!
Closed!
Unlocking!
Opened!
Locked!
Closed!
Unlocking!
Opened!
Locked!
Closed!
Unlocking!
Opened!
Locked!
Closed!
Unlocking!
Opened!
Locked!
Closed!
Unlocking!
Opened!
Locked!
Closed!
Unlocking!
Opened!
Locked!
Closed!
Unlocking!
Opened!
Locked!
Closed!
Unlocking!
Opened!
Locked!
Closed!
Unlocking!
Opened!
Locked!
Closed!
Unlocking!
Opened!
Locked!
Closed!
Unlocking!
Opened!
Locked!
Closed!
Unlocking!
Opened!
Locked!
Closed!
Unlocking!
Opened!
Locked!
Closed!
Unlocking!
Opened!
Locked!
Closed!
Unlocking!
Opened!
Locked!
Closed!
Unlocking!
Opened!
Locked!
Closed!
Unlocking!
Opened!
Locked!
Closed!
Unlocking!
Opened!
Locked!
Closed!
Unlocking!
Opened!
Locked!
Closed!
Unlocking!
Opened!
Locked!
Closed!
Unlocking!
Opened!
Locked!
Closed!
Unlocking!
Opened!
Locked!
Closed!
Unlocking!
Opened!
Locked!
Closed!
Unlocking!
Opened!
Locked!
Closed!
Unlocking!
Opened!
Locked!
Closed!
Unlocking!
Opened!
Locked!
Closed!
Unlocking!
Opened!
Locked!
Closed!
Unlocking!
Opened!
Locked!
Closed!
Unlocking!
Opened!
Locked!
Closed!
Unlocking!
Opened!
Locked!
Closed!
Unlocking!
Opened!
Locked!
Closed!
Unlocking!
Opened!
Locked!
Closed!
Unlocking!
Opened!
Locked!
Closed!
Unlocking!
Opened!
Locked!
Closed!
Unlocking!
Opened!
Locked!
Closed!
Unlocking!
Opened!
Locked!
Closed!
Unlocking!
Opened!
Locked!
Closed!
Unlocking!
Opened!
Locked!
Closed!
Unlocking!
Opened!
Locked!
Closed!
Unlocking!
Opened!
Locked!
Closed!
Unlocking!
Opened!
Locked!
Closed!
Unlocking!
Opened!
Locked!
Closed!
Unlocking!
Opened!
Locked!
Closed!
Unlocking!
Opened!
Locked!
Closed!
Unlocking!
Opened!
Locked!
Closed!
Unlocking!
Opened!
Locked!
Closed!
Unlocking!
Opened!
Locked!
Closed!
Unlocking!
Opened!
Locked!
Closed!
Unlocking!
Opened!
Locked!
Closed!
Unlocking!
Opened!
Locked!
Closed!
Unlocking!
Opened!
Locked!
Closed!
Unlocking!
Opened!
Locked!
Closed!
Unlocking!
Opened!
Locked!
Closed!
Unlocking!
Opened!
Locked!
Closed!
Unlocking!
Opened!
Locked!
Closed!
Unlocking!
Opened!
Locked!
Closed!
Unlocking!
Opened!
Locked!
Closed!
Unlocking!
Opened!
Locked!
Closed!
Unlocking!
Opened!
Locked!
Closed!
Unlocking!
Opened!
Locked!
Closed!
Unlocking!
Opened!
Locked!
Closed!
Unlocking!
Opened!
Locked!
Closed!
Unlocking!
Opened!
Locked!
Closed!
Unlocking!
Opened!
Locked!
Closed!
Unlocking!
Opened!
Locked!
Closed!
Unlocking!
Opened!
Locked!
Closed!
Unlocking!
Opened!
Locked!
Closed!
Unlocking!
Opened!
Locked!
Closed!
Unlocking!
Opened!
Locked!
Closed!
Unlocking!
Opened!
Locked!
Closed!
Unlocking!
Opened!
Locked!
Closed!
Unlocking!
Opened!
Locked!
Closed!
Unlocking!
Opened!
Locked!
Closed!
Unlocking!
Opened!
Locked!
Closed!
Unlocking!
Opened!
Locked!
Closed!
Unlocking!
Opened!
Locked!
Closed!
Unlocking!
Opened!
Locked!
Closed!
Unlocking!
Opened!
Locked!
Closed!
Unlocking!
Opened!
Locked!
Closed!
Unlocking!
Opened!
Locked!
Closed!
Unlocking!
Opened!
Locked!
Closed!
Unlocking!
Opened!
Locked!
Closed!
Unlocking!
Opened!
Locked!
Closed!
Unlocking!
Opened!
Locked!
Closed!
Unlocking!
Opened!
Locked!
Closed!
Unlocking!
Opened!
Locked!
Closed!
Unlocking!
Opened!
Locked!
Closed!
Unlocking!
Opened!
Locked!
Closed!
Unlocking!
Opened!
Locked!
Closed!
Unlocking!
Opened!
Locked!
Closed!
Unlocking!
Opened!
Locked!
Closed!
Unlocking!
CoigRo!
569
Opened!
Locked!
OeigRo!
Closed!
oig
Opened!
Locked!
25967136
Roofs Done!
Arrived!
Closed!
Unlocking!
Opened!
Locked!
Closed!
Unlocking!
Opened!
Locked!
Closed!
Unlocking!
Opened!
Locked!
Closed!
Unlocking!
Opened!
Locked!
Closed!
Unlocking!
Opened!
Locked!
Closed!
Unlocking!
Opened!
Locked!
Closed!
Unlocking!
Opened!
Locked!
Closed!
Unlocking!
Opened!
Locked!
Closed!
Unlocking!
Opened!
Locked!
Closed!
Unlocking!
Opened!
Locked!
Closed!
Unlocking!
Opened!
Locked!
Closed!
Unlocking!
Opened!
Locked!
Closed!
Unlocking!
Opened!
Locked!
Closed!
Unlocking!
Opened!
Locked!
Closed!
Unlocking!
Opened!
Locked!
Closed!
Unlocking!
Opened!
Locked!
Closed!
Unlocking!
Opened!
Locked!
Closed!
Unlocking!
Opened!
Locked!
Closed!
Unlocking!
Opened!
Locked!
Closed!
Unlocking!
Opened!
Locked!
Closed!
Unlocking!
Opened!
Locked!
Closed!
Unlocking!
Opened!
Locked!
Closed!
Unlocking!
Opened!
Locked!
Closed!
Unlocking!
Opened!
Locked!
Closed!
Unlocking!
Opened!
Locked!
Closed!
Unlocking!
Opened!
Locked!
Closed!
Unlocking!
Opened!
Locked!
Closed!
Unlocking!
Opened!
Locked!
Closed!
Unlocking!
Opened!
Locked!
Closed!
Unlocking!
Opened!
Locked!
Closed!
Unlocking!
Opened!
Locked!
Closed!
Unlocking!
Opened!
Locked!
Closed!
Unlocking!
Opened!
Locked!
Closed!
Unlocking!
Opened!
Locked!
Closed!
Unlocking!
Opened!
Locked!
Closed!
Unlocking!
Opened!
Locked!
Closed!
Unlocking!
Opened!
Locked!
Closed!
Unlocking!
Opened!
Locked!
Closed!
Unlocking!
Opened!
Locked!
Closed!
Unlocking!
Opened!
Locked!
Closed!
Unlocking!
Opened!
Locked!
Closed!
Unlocking!
Opened!
Locked!
Closed!
Unlocking!
Opened!
Locked!
Closed!
Unlocking!
Opened!
Locked!
Closed!
Unlocking!
Opened!
Locked!
Closed!
Unlocking!
Opened!
Locked!
Closed!
Unlocking!
Opened!
Locked!
Closed!
Unlocking!
Opened!
Locked!
Closed!
Unlocking!
Opened!
Locked!
Closed!
Unlocking!
Opened!
Locked!
Closed!
Unlocking!
Opened!
Locked!
Closed!
Unlocking!
Opened!
Locked!
Closed!
Unlocking!
Opened!
Locked!
Closed!
Unlocking!
Opened!
Locked!
Closed!
Unlocking!
Opened!
Locked!
Closed!
Unlocking!
Opened!
Locked!
Closed!
Unlocking!
Opened!
Locked!
Closed!
Unlocking!
Opened!
Locked!
Closed!
Unlocking!
Opened!
Locked!
Closed!
Unlocking!
Opened!
Locked!
Closed!
Unlocking!
Opened!
Locked!
Closed!
Unlocking!
Opened!
Locked!
Closed!
Unlocking!
Opened!
Locked!
Closed!
Unlocking!
Opened!
Locked!
Closed!
Unlocking!
Opened!
Locked!
Closed!
Unlocking!
Opened!
Locked!
Closed!
Unlocking!
Opened!
Locked!
Closed!
Unlocking!
Opened!
Locked!
Closed!
Unlocking!
Opened!
Locked!
Closed!
Unlocking!
Opened!
Locked!
Closed!
Unlocking!
Opened!
Locked!
Closed!
Unlocking!
Opened!
Locked!
Closed!
Unlocking!
Opened!
Locked!
Closed!
Unlocking!
Opened!
Locked!
Closed!
Unlocking!
Opened!
Locked!
Closed!
Unlocking!
Opened!
Locked!
Closed!
Unlocking!
Opened!
Locked!
Closed!
Unlocking!
Opened!
Locked!
Closed!
Unlocking!
Opened!
Locked!
Closed!
Unlocking!
Opened!
Locked!
Closed!
Unlocking!
Opened!
Locked!
Closed!
Unlocking!
Opened!
Locked!
Closed!
Unlocking!
Opened!
Locked!
Closed!
Unlocking!
Opened!
Locked!
Closed!
Unlocking!
Opened!
Locked!
Closed!
Unlocking!
Opened!
Locked!
Closed!
Unlocking!
Opened!
Locked!
Closed!
Unlocking!
Opened!
Locked!
Closed!
Unlocking!
Opened!
Locked!
Closed!
Unlocking!
Opened!
Locked!
Closed!
Unlocking!
Opened!
Locked!
Closed!
Unlocking!
Opened!
Locked!
Closed!
Unlocking!
Opened!
Locked!
Closed!
Unlocking!
Opened!
Locked!
Closed!
Unlocking!
Opened!
Locked!
Closed!
Unlocking!
Opened!
Locked!
Closed!
Unlocking!
Opened!
Locked!
Closed!
Unlocking!
Opened!
Locked!
Closed!
Unlocking!
Opened!
Locked!
Closed!
Unlocking!
Opened!
Locked!
Closed!
Unlocking!
Opened!
Locked!
Closed!
Unlocking!
Opened!
Locked!
Closed!
Unlocking!
Opened!
Locked!
Closed!
Unlocking!
Opened!
Locked!
Closed!
Unlocking!
Opened!
Locked!
Closed!
Unlocking!
Opened!
Locked!
Closed!
Unlocking!
Opened!
Locked!
Closed!
Unlocking!
Opened!
Locked!
Closed!
Unlocking!
Opened!
Locked!
Closed!
Unlocking!
Opened!
Locked!
Closed!
Unlocking!
Opened!
Locked!
Closed!
Unlocking!
Opened!
Locked!
Closed!
Unlocking!
Opened!
Locked!
Closed!
Unlocking!
Opened!
Locked!
Closed!
Unlocking!
Opened!
Locked!
Closed!
Unlocking!
Opened!
Locked!
Closed!
Unlocking!
Opened!
Locked!
Closed!
Unlocking!
Opened!
Locked!
Closed!
Unlocking!
Opened!
Locked!
Closed!
Unlocking!
Opened!
Locked!
Closed!
Unlocking!
Opened!
Locked!
Closed!
Unlocking!
Opened!
Locked!
Closed!
Unlocking!
Opened!
Locked!
Closed!
Unlocking!
Opened!
Locked!
Closed!
Unlocking!
Opened!
Locked!
Closed!
Unlocking!
Opened!
Locked!
Closed!
Unlocking!
Opened!
Locked!
Closed!
Unlocking!
Opened!
Locked!
Closed!
Unlocking!
Opened!
Locked!
Closed!
Unlocking!
Opened!
Locked!
Closed!
Unlocking!
Opened!
Locked!
Closed!
Unlocking!
Opened!
Locked!
Closed!
Unlocking!
Opened!
Locked!
Closed!
Unlocking!
Opened!
Locked!
Closed!
Unlocking!
Opened!
Locked!
Closed!
Unlocking!
Opened!
Locked!
Closed!
Unlocking!
Opened!
Locked!
Closed!
Unlocking!
Opened!
Locked!
Closed!
Unlocking!
Opened!
Locked!
Closed!
Unlocking!
Opened!
Locked!
Closed!
Unlocking!
Opened!
Locked!
Closed!
Unlocking!
Opened!
Locked!
Closed!
Unlocking!
Opened!
Locked!
Closed!
Unlocking!
Opened!
Locked!
Closed!
Unlocking!
Opened!
Locked!
Closed!
Unlocking!
Opened!
Locked!
Closed!
Unlocking!
Opened!
Locked!
Closed!
Unlocking!
Opened!
Locked!
Closed!
Unlocking!
Opened!
Locked!
Closed!
Unlocking!
Opened!
Locked!
Closed!
Unlocking!
Opened!
Locked!
Closed!
Unlocking!
Opened!
Locked!
Closed!
Unlocking!
Opened!
Locked!
Closed!
Unlocking!
Opened!
Locked!
Closed!
Unlocking!
Opened!
Locked!
Closed!
Unlocking!
Opened!
Locked!
Closed!
Unlocking!
Opened!
Locked!
Closed!
Unlocking!
Opened!
Locked!
Closed!
Unlocking!
Opened!
Locked!
Closed!
Unlocking!
Opened!
Locked!
Closed!
Unlocking!
Opened!
Locked!
Closed!
Unlocking!
Opened!
Locked!
Closed!
Unlocking!
Opened!
Locked!
Closed!
Unlocking!
Opened!
Locked!
Closed!
Unlocking!
Opened!
Locked!
Closed!
Unlocking!
Opened!
Locked!
Closed!
Unlocking!
Opened!
Locked!
Closed!
Unlocking!
Opened!
Locked!
Closed!
Unlocking!
Opened!
Locked!
Closed!
Unlocking!
Opened!
Locked!
Closed!
Unlocking!
Opened!
Locked!
Closed!
Unlocking!
Opened!
Locked!
Closed!
Unlocking!
Opened!
Locked!
Closed!
Unlocking!
Opened!
Locked!
Closed!
Unlocking!
Opened!
Locked!
Closed!
Unlocking!
Opened!
Locked!
Closed!
Unlocking!
Opened!
Locked!
Closed!
Unlocking!
Opened!
Locked!
Closed!
Unlocking!
Opened!
Locked!
Closed!
Unlocking!
Opened!
Locked!
Closed!
Unlocking!
Opened!
Locked!
Closed!
Unlocking!
Opened!
Locked!
Closed!
Unlocking!
Opened!
Locked!
Closed!
Unlocking!
Opened!
Locked!
Closed!
Unlocking!
Opened!
Locked!
Closed!
Unlocking!
Opened!
Locked!
Closed!
Unlocking!
Opened!
Locked!
Closed!
Unlocking!
Opened!
Locked!
Closed!
Unlocking!
Opened!
Locked!
Closed!
Unlocking!
Opened!
Locked!
Closed!
Unlocking!
Opened!
Locked!
Closed!
Unlocking!
Opened!
Locked!
Closed!
Unlocking!
Opened!
Locked!
Closed!
Unlocking!
Opened!
Locked!
Closed!
Unlocking!
Opened!
Locked!
Closed!
Unlocking!
Opened!
Locked!
Closed!
Unlocking!
Opened!
Locked!
Closed!
Unlocking!
Opened!
Locked!
Closed!
Unlocking!
Opened!
Locked!
Closed!
Unlocking!
Opened!
Locked!
Closed!
Unlocking!
Opened!
Locked!
Closed!
Unlocking!
Opened!
Locked!
Closed!
Unlocking!
Opened!
Locked!
Closed!
Unlocking!
Opened!
Locked!
Closed!
Unlocking!
Opened!
Locked!
Closed!
Unlocking!
Opened!
Locked!
Closed!
Unlocking!
Opened!
Locked!
Closed!
Unlocking!
Opened!
Locked!
Closed!
Unlocking!
Opened!
Locked!
Closed!
Unlocking!
Opened!
Locked!
Closed!
Unlocking!
Opened!
Locked!
Closed!
Unlocking!
Opened!
Locked!
Closed!
Unlocking!
Opened!
Locked!
Closed!
Unlocking!
Opened!
Locked!
Closed!
Unlocking!
Opened!
Locked!
Closed!
Unlocking!
Opened!
Locked!
Closed!
Unlocking!
Opened!
Locked!
Closed!
Unlocking!
Opened!
Locked!
Closed!
Unlocking!
Opened!
Locked!
Closed!
Unlocking!
Opened!
Locked!
Closed!
Unlocking!
Opened!
Locked!
Closed!
Unlocking!
Opened!
Locked!
Closed!
Unlocking!
Opened!
Locked!
Closed!
Unlocking!
Opened!
Locked!
Closed!
Unlocking!
Opened!
Locked!
Closed!
Unlocking!
Opened!
Locked!
Closed!
Unlocking!
Opened!
Locked!
Closed!
Unlocking!
Opened!
Locked!
Closed!
Unlocking!
Opened!
Locked!
Closed!
Unlocking!
Opened!
Locked!
Closed!
Unlocking!
Opened!
Locked!
Closed!
Unlocking!
Opened!
Locked!
Closed!
Unlocking!
Opened!
Locked!
Closed!
Unlocking!
Opened!
Locked!
Closed!
Unlocking!
Opened!
Locked!
Closed!
Unlocking!
Opened!
Locked!
Closed!
Unlocking!
Opened!
Locked!
Closed!
Unlocking!
Opened!
Locked!
Closed!
Unlocking!
Opened!
Locked!
Closed!
Unlocking!
Opened!
Locked!
Closed!
Unlocking!
Opened!
Locked!
Closed!
Unlocking!
Opened!
Locked!
Closed!
Unlocking!
Opened!
Locked!
Closed!
Unlocking!
Opened!
Locked!
Closed!
Unlocking!
Opened!
Locked!
Closed!
Unlocking!
Opened!
Locked!
Closed!
Unlocking!
Opened!
Locked!
Closed!
Unlocking!
Opened!
Locked!
Closed!
Unlocking!
Opened!
Locked!
Closed!
Unlocking!
Opened!
Locked!
Closed!
Unlocking!
Opened!
Locked!
Closed!
Unlocking!
Opened!
Locked!
Closed!
Unlocking!
Opened!
Locked!
Closed!
Unlocking!
Opened!
Locked!
Closed!
Unlocking!
Opened!
Locked!
Closed!
Unlocking!
Opened!
Locked!
Closed!
Unlocking!
Opened!
Locked!
Closed!
Unlocking!
Opened!
Locked!
Closed!
Unlocking!
Opened!
Locked!
Closed!
Unlocking!
Opened!
Locked!
Closed!
Unlocking!
Opened!
Locked!
Closed!
Unlocking!
Opened!
Locked!
Closed!
Unlocking!
Opened!
Locked!
Closed!
Unlocking!
Opened!
Locked!
Closed!
Unlocking!
Opened!
Locked!
Closed!
Unlocking!
Opened!
Locked!
Closed!
Unlocking!
Opened!
Locked!
Closed!
Unlocking!
Opened!
Locked!
Closed!
Unlocking!
Opened!
Locked!
Closed!
Unlocking!
Opened!
Locked!
Closed!
Unlocking!
Opened!
Locked!
Closed!
Unlocking!
Opened!
Locked!
Closed!
Unlocking!
Opened!
Locked!
Closed!
Unlocking!
Opened!
Locked!
Closed!
Unlocking!
Opened!
Locked!
Closed!
Unlocking!
Opened!
Locked!
Closed!
Unlocking!
Opened!
Locked!
Closed!
Unlocking!
Opened!
Locked!
Closed!
Unlocking!
Opened!
Locked!
Closed!
Unlocking!
Opened!
Locked!
Closed!
Unlocking!
Opened!
Locked!
Closed!
Unlocking!
Opened!
Locked!
Closed!
Unlocking!
Opened!
Locked!
Closed!
Unlocking!
Opened!
Locked!
Closed!
Unlocking!
Opened!
Locked!
Closed!
Unlocking!
Opened!
Locked!
Closed!
Unlocking!
Opened!
Locked!
Closed!
Unlocking!
Opened!
Locked!
Closed!
Unlocking!
Opened!
Locked!
Closed!
Unlocking!
Opened!
Locked!
Closed!
Unlocking!
Opened!
Locked!
Closed!
Unlocking!
Opened!
Locked!
Closed!
Unlocking!
Opened!
Locked!
Closed!
Unlocking!
Opened!
Locked!
Closed!
Unlocking!
Opened!
Locked!
Closed!
Unlocking!
Opened!
Locked!
Closed!
Unlocking!
Opened!
Locked!
Closed!
Unlocking!
Opened!
Locked!
Closed!
Unlocking!
Opened!
Locked!
Closed!
Unlocking!
Opened!
Locked!
Closed!
Unlocking!
Opened!
Locked!
Closed!
Unlocking!
Opened!
Locked!
Closed!
Unlocking!
Opened!
Locked!
Closed!
Unlocking!
Opened!
Locked!
Closed!
Unlocking!
Opened!
Locked!
Closed!
Unlocking!
Opened!
Locked!
Closed!
Unlocking!
Opened!
Locked!
Closed!
Unlocking!
Opened!
Locked!
Closed!
Unlocking!
Opened!
Locked!
Closed!
Unlocking!
Opened!
Locked!
Closed!
Unlocking!
Opened!
Locked!
Closed!
Unlocking!
Opened!
Locked!
Closed!
Unlocking!
Opened!
Locked!
Closed!
Unlocking!
Opened!
Locked!
Closed!
Unlocking!
Opened!
Locked!
Closed!
Unlocking!
Opened!
Locked!
Closed!
Unlocking!
Opened!
Locked!
Closed!
Unlocking!
Opened!
Locked!
Closed!
Unlocking!
Opened!
Locked!
Closed!
Unlocking!
Opened!
Locked!
Closed!
Unlocking!
Opened!
Locked!
Closed!
Unlocking!
Opened!
Locked!
Closed!
Unlocking!
Opened!
Locked!
Closed!
Unlocking!
Opened!
Locked!
Closed!
Unlocking!
Opened!
Locked!
Closed!
Unlocking!
Opened!
Locked!
Closed!
Unlocking!
Opened!
Locked!
Closed!
Unlocking!
Opened!
Locked!
Closed!
Unlocking!
Opened!
Locked!
Closed!
Unlocking!
Opened!
Locked!
Closed!
Unlocking!
Opened!
Locked!
Closed!
Unlocking!
Opened!
Locked!
Closed!
Unlocking!
Opened!
Locked!
Closed!
Unlocking!
Opened!
Locked!
Closed!
Unlocking!
Opened!
Locked!
Closed!
Unlocking!
Opened!
Locked!
Closed!
Unlocking!
Opened!
Locked!
Closed!
Unlocking!
Opened!
Locked!
Closed!
Unlocking!
Opened!
Locked!
Closed!
Unlocking!
Opened!
Locked!
Closed!
Unlocking!
Opened!
Locked!
Closed!
Unlocking!
Opened!
Locked!
Closed!
Unlocking!
Opened!
Locked!
Closed!
Unlocking!
Opened!
Locked!
Closed!
Unlocking!
Opened!
Locked!
Closed!
Unlocking!
Opened!
Locked!
Closed!
Unlocking!
Opened!
Locked!
Closed!
Unlocking!
Opened!
Locked!
Closed!
Unlocking!
Opened!
Locked!
Closed!
Unlocking!
Opened!
Locked!
Closed!
Unlocking!
Opened!
Locked!
Closed!
Unlocking!
Opened!
Locked!
Closed!
Unlocking!
Opened!
Locked!
Closed!
Unlocking!
Opened!
Locked!
Closed!
Unlocking!
Opened!
Locked!
Closed!
Unlocking!
Opened!
Locked!
Closed!
Unlocking!
Opened!
Locked!
Closed!
Unlocking!
Opened!
Locked!
Closed!
Unlocking!
Opened!
Locked!
Closed!
Unlocking!
Opened!
Locked!
Closed!
Unlocking!
Opened!
Locked!
Closed!
Unlocking!
Opened!
Locked!
Closed!
Unlocking!
Opened!
Locked!
Closed!
Unlocking!
Opened!
Locked!
Closed!
Unlocking!
Opened!
Locked!
Closed!
Unlocking!
Opened!
Locked!
Closed!
Unlocking!
Opened!
Locked!
Closed!
Unlocking!
Opened!
Locked!
Closed!
Unlocking!
Opened!
Locked!
Closed!
Unlocking!
Opened!
Locked!
Closed!
Unlocking!
Opened!
Locked!
Closed!
Unlocking!
Opened!
Locked!
Closed!
Unlocking!
Opened!
Locked!
Closed!
Unlocking!
Opened!
Locked!
Closed!
Unlocking!
Opened!
Locked!
Closed!
Unlocking!
Opened!
Locked!
Closed!
Unlocking!
Opened!
Locked!
Closed!
Unlocking!
Opened!
Locked!
Closed!
Unlocking!
Opened!
Locked!
Closed!
Unlocking!
Opened!
Locked!
Closed!
Unlocking!
Opened!
Locked!
Closed!
Unlocking!
Opened!
Locked!
Closed!
Unlocking!
Opened!
Locked!
Closed!
Unlocking!
Opened!
Locked!
Closed!
Unlocking!
Opened!
Locked!
Closed!
Unlocking!
Opened!
Locked!
Closed!
Unlocking!
Opened!
Locked!
Closed!
Unlocking!
Opened!
Locked!
Closed!
Unlocking!
Opened!
Locked!
Closed!
Unlocking!
Opened!
Locked!
Closed!
Unlocking!
Opened!
Locked!
Closed!
Unlocking!
Opened!
Locked!
Closed!
Unlocking!
Opened!
Locked!
Closed!
Unlocking!
Opened!
Locked!
Closed!
Unlocking!
Opened!
Locked!
Closed!
Unlocking!
Opened!
Locked!
Closed!
Unlocking!
Opened!
Locked!
Closed!
Unlocking!
Opened!
Locked!
Closed!
Unlocking!
Opened!
Locked!
Closed!
Unlocking!
Opened!
Locked!
Closed!
Unlocking!
Opened!
Locked!
Closed!
Unlocking!
Opened!
Locked!
Closed!
Unlocking!
Opened!
Locked!
Closed!
Unlocking!
Opened!
Locked!
Closed!
Unlocking!
Opened!
Locked!
Closed!
Unlocking!
Opened!
Locked!
Closed!
Unlocking!
Opened!
Locked!
Closed!
Unlocking!
Opened!
Locked!
Closed!
Unlocking!
Opened!
Locked!
Closed!
Unlocking!
Opened!
Locked!
Closed!
Unlocking!
Opened!
Locked!
Closed!
Unlocking!
Opened!
Locked!
Closed!
Unlocking!
Opened!
Locked!
Closed!
Unlocking!
Opened!
Locked!
Closed!
Unlocking!
Opened!
Locked!
Closed!
Unlocking!
Opened!
Locked!
Closed!
Unlocking!
Opened!
Locked!
Closed!
Unlocking!
Opened!
Locked!
Closed!
Unlocking!
Opened!
Locked!
Closed!
Unlocking!
Opened!
Locked!
Closed!
Unlocking!
Opened!
Locked!
Closed!
Unlocking!
Opened!
Locked!
Closed!
Unlocking!
Opened!
Locked!
Closed!
Unlocking!
Opened!
Locked!
Closed!
Unlocking!
Opened!
Locked!
Closed!
Unlocking!
Opened!
Locked!
Closed!
Unlocking!
Opened!
Locked!
Closed!
Unlocking!
Opened!
Locked!
Closed!
Unlocking!
Opened!
Locked!
Closed!
Unlocking!
Opened!
Locked!
Closed!
Unlocking!
Opened!
Locked!
Closed!
Unlocking!
Opened!
Locked!
Closed!
Unlocking!
Opened!
Locked!
Closed!
Unlocking!
Opened!
Locked!
Closed!
Unlocking!
Opened!
Locked!
Closed!
Unlocking!
Opened!
Locked!
Closed!
Unlocking!
Opened!
Locked!
Closed!
Unlocking!
Opened!
Locked!
Closed!
Unlocking!
Opened!
Locked!
Closed!
Unlocking!
Opened!
Locked!
Closed!
Unlocking!
Opened!
Locked!
Closed!
Unlocking!
Opened!
Locked!
Closed!
Unlocking!
Opened!
Locked!
Closed!
Unlocking!
Opened!
Locked!
Closed!
Unlocking!
Opened!
Locked!
Closed!
Unlocking!
Opened!
Locked!
Closed!
Unlocking!
Opened!
Locked!
Closed!
Unlocking!
Opened!
Locked!
Closed!
Unlocking!
Opened!
Locked!
Closed!
Unlocking!
Opened!
Locked!
Closed!
Unlocking!
Opened!
Locked!
Closed!
Unlocking!
Opened!
Locked!
Closed!
Unlocking!
Opened!
Locked!
Closed!
Unlocking!
Opened!
Locked!
Closed!
Unlocking!
Opened!
Locked!
Closed!
Unlocking!
Opened!
Locked!
Closed!
Unlocking!
Opened!
Locked!
Closed!
Unlocking!
Opened!
Locked!
Closed!
Unlocking!
Opened!
Locked!
Closed!
Unlocking!
Opened!
Locked!
Closed!
Unlocking!
Opened!
Locked!
Closed!
Unlocking!
Opened!
Locked!
Closed!
Unlocking!
Opened!
Locked!
Closed!
Unlocking!
Opened!
Locked!
Closed!
Unlocking!
Opened!
Locked!
Closed!
Unlocking!
Opened!
Locked!
Closed!
Unlocking!
Opened!
Locked!
Closed!
Unlocking!
Opened!
Locked!
Closed!
Unlocking!
Opened!
Locked!
Closed!
Unlocking!
Opened!
Locked!
Closed!
Unlocking!
Opened!
Locked!
Closed!
Unlocking!
Opened!
Locked!
Closed!
Unlocking!
Opened!
Locked!
Closed!
Unlocking!
Opened!
Locked!
Closed!
Unlocking!
Opened!
Locked!
Closed!
Unlocking!
Opened!
Locked!
Closed!
Unlocking!
Opened!
Locked!
Closed!
Unlocking!
Opened!
Locked!
Closed!
Unlocking!
Opened!
Locked!
Closed!
Unlocking!
Opened!
Locked!
Closed!
Unlocking!
Opened!
Locked!
Closed!
Unlocking!
Opened!
Locked!
Closed!
Unlocking!
Opened!
Locked!
Closed!
Unlocking!
Opened!
Locked!
Closed!
Unlocking!
Opened!
Locked!
Closed!
Unlocking!
Opened!
Locked!
Closed!
Unlocking!
Opened!
Locked!
Closed!
Unlocking!
Opened!
Locked!
Closed!
Unlocking!
Opened!
Locked!
Closed!
Unlocking!
Opened!
Locked!
Closed!
Unlocking!
Opened!
Locked!
Closed!
Unlocking!
Opened!
Locked!
Closed!
Unlocking!
Opened!
Locked!
Closed!
Unlocking!
Opened!
Locked!
Closed!
Unlocking!
Opened!
Locked!
Closed!
Unlocking!
Opened!
Locked!
Closed!
Unlocking!
Opened!
Locked!
Closed!
Unlocking!
Opened!
Locked!
Closed!
Unlocking!
Opened!
Locked!
Closed!
Unlocking!
Opened!
Locked!
Closed!
Unlocking!
Opened!
Locked!
Closed!
Unlocking!
Opened!
Locked!
Closed!
Unlocking!
Opened!
Locked!
Closed!
Unlocking!
Opened!
Locked!
Closed!
Unlocking!
Opened!
Locked!
Closed!
Unlocking!
Opened!
Locked!
Closed!
Unlocking!
Opened!
Locked!
Closed!
Unlocking!
Opened!
Locked!
Closed!
Unlocking!
Opened!
Locked!
Closed!
Unlocking!
Opened!
Locked!
Closed!
Unlocking!
Opened!
Locked!
Closed!
Unlocking!
Opened!
Locked!
Closed!
Unlocking!
Opened!
Locked!
Closed!
Unlocking!
Opened!
Locked!
Closed!
Unlocking!
Opened!
Locked!
Closed!
Unlocking!
Opened!
Locked!
Closed!
Unlocking!
Opened!
Locked!
Closed!
Unlocking!
Opened!
Locked!
Closed!
Unlocking!
Opened!
Locked!
Closed!
Unlocking!
Opened!
Locked!
Closed!
Unlocking!
Opened!
Locked!
Closed!
Unlocking!
Opened!
Locked!
Closed!
Unlocking!
Opened!
Locked!
Closed!
Unlocking!
Opened!
Locked!
Closed!
Unlocking!
Opened!
Locked!
Closed!
Unlocking!
Opened!
Locked!
Closed!
Unlocking!
Opened!
Locked!
Closed!
Unlocking!
Opened!
Locked!
Closed!
Unlocking!
Opened!
Locked!
Closed!
Unlocking!
Opened!
Locked!
Closed!
Unlocking!
Opened!
Locked!
Closed!
Unlocking!
Opened!
Locked!
Closed!
Unlocking!
Opened!
Locked!
Closed!
Unlocking!
Opened!
Locked!
Closed!
Unlocking!
Opened!
Locked!
Closed!
Unlocking!
Opened!
Locked!
Closed!
Unlocking!
Opened!
Locked!
Closed!
Unlocking!
Opened!
Locked!
Closed!
Unlocking!
Opened!
Locked!
Closed!
Unlocking!
Opened!
Locked!
Closed!
Unlocking!
Opened!
Locked!
Closed!
Unlocking!
Opened!
Locked!
Closed!
Unlocking!
Opened!
Locked!
Closed!
Unlocking!
Opened!
Locked!
Closed!
Unlocking!
Opened!
Locked!
Closed!
Unlocking!
Opened!
Locked!
Closed!
Unlocking!
Opened!
Locked!
Closed!
Unlocking!
Opened!
Locked!
Closed!
Unlocking!
Opened!
Locked!
Closed!
Unlocking!
Opened!
Locked!
Closed!
Unlocking!
Opened!
Locked!
Closed!
Unlocking!
Opened!
Locked!
Closed!
Unlocking!
Opened!
Locked!
Closed!
Unlocking!
Opened!
Locked!
Closed!
Unlocking!
Opened!
Locked!
Closed!
Unlocking!
Opened!
Locked!
Closed!
Unlocking!
Opened!
Locked!
Closed!
Unlocking!
Opened!
Locked!
Closed!
Unlocking!
Opened!
Locked!
Closed!
Unlocking!
Opened!
Locked!
Closed!
Unlocking!
Opened!
Locked!
Closed!
Unlocking!
Opened!
Locked!
Closed!
Unlocking!
Opened!
Locked!
Closed!
Unlocking!
Opened!
Locked!
Closed!
Unlocking!
Opened!
Locked!
Closed!
Unlocking!
Opened!
Locked!
Closed!
Unlocking!
Opened!
Locked!
Closed!
Unlocking!
Opened!
Locked!
Closed!
Unlocking!
Opened!
Locked!
Closed!
Unlocking!
Opened!
Locked!
Closed!
Unlocking!
Opened!
Locked!
Closed!
Unlocking!
Opened!
Locked!
Closed!
Unlocking!
Opened!
Locked!
Closed!
Unlocking!
Opened!
Locked!
Closed!
Unlocking!
Opened!
Locked!
Closed!
Unlocking!
Opened!
Locked!
Closed!
Unlocking!
Opened!
Locked!
Closed!
Unlocking!
Opened!
Locked!
Closed!
Unlocking!
Opened!
Locked!
Closed!
Unlocking!
Opened!
Locked!
Closed!
Unlocking!
Opened!
Locked!
Closed!
Unlocking!
Opened!
Locked!
Closed!
Unlocking!
Opened!
Locked!
Closed!
Unlocking!
Opened!
Locked!
Closed!
Unlocking!
Opened!
Locked!
Closed!
Unlocking!
Opened!
Locked!
Closed!
Unlocking!
Opened!
Locked!
Closed!
Unlocking!
Opened!
Locked!
Closed!
Unlocking!
Opened!
Locked!
Closed!
Unlocking!
Opened!
Locked!
Closed!
Unlocking!
Opened!
Locked!
Closed!
Unlocking!
Opened!
Locked!
Closed!
Unlocking!
Opened!
Locked!
Closed!
Unlocking!
Opened!
Locked!
Closed!
Unlocking!
Opened!
Locked!
Closed!
Unlocking!
Opened!
Locked!
Closed!
Unlocking!
Opened!
Locked!
Closed!
Unlocking!
Opened!
Locked!
Closed!
Unlocking!
Opened!
Locked!
Closed!
Unlocking!
Opened!
Locked!
Closed!
Unlocking!
Opened!
Locked!
Closed!
Unlocking!
Opened!
Locked!
Closed!
Unlocking!
Opened!
Locked!
Closed!
Unlocking!
Opened!
Locked!
Closed!
Unlocking!
Opened!
Locked!
Closed!
Unlocking!
Opened!
Locked!
Closed!
Unlocking!
Opened!
Locked!
Closed!
Unlocking!
Opened!
Locked!
Closed!
Unlocking!
Opened!
Locked!
Closed!
Unlocking!
Opened!
Locked!
Closed!
Unlocking!
Opened!
Locked!
Closed!
Unlocking!
Opened!
Locked!
Closed!
Unlocking!
Opened!
Locked!
Closed!
Unlocking!
Opened!
Locked!
Closed!
Unlocking!
Opened!
Locked!
Closed!
Unlocking!
Opened!
Locked!
Closed!
Unlocking!
Opened!
Locked!
Closed!
Unlocking!
Opened!
Locked!
Closed!
Unlocking!
Opened!
Locked!
Closed!
Unlocking!
Opened!
Locked!
Closed!
Unlocking!
Opened!
Locked!
Closed!
Unlocking!
Opened!
Locked!
Closed!
Unlocking!
Opened!
Locked!
Closed!
Unlocking!
Opened!
Locked!
Closed!
Unlocking!
Opened!
Locked!
Closed!
Unlocking!
Opened!
Locked!
Closed!
Unlocking!
Opened!
Locked!
Closed!
Unlocking!
Opened!
Locked!
Closed!
Unlocking!
Opened!
Locked!
Closed!
Unlocking!
Opened!
Locked!
Closed!
Unlocking!
Opened!
Locked!
Closed!
Unlocking!
Opened!
Locked!
Closed!
Unlocking!
Opened!
Locked!
Closed!
Unlocking!
Opened!
Locked!
Closed!
Unlocking!
Opened!
Locked!
Closed!
Unlocking!
Opened!
Locked!
Closed!
Unlocking!
Opened!
Locked!
Closed!
Unlocking!
Opened!
Locked!
Closed!
Unlocking!
Opened!
Locked!
Closed!
Unlocking!
Opened!
Locked!
Closed!
Unlocking!
Opened!
Locked!
Closed!
Unlocking!
Opened!
Locked!
Closed!
Unlocking!
Opened!
Locked!
Closed!
Unlocking!
Opened!
Locked!
Closed!
Unlocking!
Opened!
Locked!
Closed!
Unlocking!
Opened!
Locked!
Closed!
Unlocking!
Opened!
Locked!
Closed!
Unlocking!
Opened!
Locked!
Closed!
Unlocking!
Opened!
Locked!
Closed!
Unlocking!
Opened!
Locked!
Closed!
Unlocking!
Opened!
Locked!
Closed!
Unlocking!
Opened!
Locked!
Closed!
Unlocking!
Opened!
Locked!
Closed!
Unlocking!
Opened!
Locked!
Closed!
Unlocking!
Opened!
Locked!
Closed!
Unlocking!
Opened!
Locked!
Closed!
Unlocking!
Opened!
Locked!
Closed!
Unlocking!
Opened!
Locked!
Closed!
Unlocking!
Opened!
Locked!
Closed!
Unlocking!
Opened!
Locked!
Closed!
Unlocking!
Opened!
Locked!
Closed!
Unlocking!
Opened!
Locked!
Closed!
Unlocking!
Opened!
Locked!
Closed!
Unlocking!
Opened!
Locked!
Closed!
Unlocking!
Opened!
Locked!
Closed!
Unlocking!
Opened!
Locked!
Closed!
Unlocking!
Opened!
Locked!
Closed!
Unlocking!
Opened!
Locked!
Closed!
Unlocking!
Opened!
Locked!
Closed!
Unlocking!
Opened!
Locked!
Closed!
Unlocking!
Opened!
Locked!
Closed!
Unlocking!
Opened!
Locked!
Closed!
Unlocking!
Opened!
Locked!
Closed!
Unlocking!
Opened!
Locked!
Closed!
Unlocking!
Opened!
Locked!
Closed!
Unlocking!
Opened!
Locked!
Closed!
Unlocking!
Opened!
Locked!
Closed!
Unlocking!
Opened!
Locked!
Closed!
Unlocking!
Opened!
Locked!
Closed!
Unlocking!
Opened!
Locked!
Closed!
Unlocking!
Opened!
Locked!
Closed!
Unlocking!
Opened!
Locked!
Closed!
Unlocking!
Opened!
Locked!
Closed!
Unlocking!
Opened!
Locked!
Closed!
Unlocking!
Opened!
Locked!
Closed!
Unlocking!
Opened!
Locked!
Closed!
Unlocking!
Opened!
Locked!
Closed!
Unlocking!
Opened!
Locked!
Closed!
Unlocking!
Opened!
Locked!
Closed!
Unlocking!
Opened!
Locked!
Closed!
Unlocking!
Opened!
Locked!
Closed!
Unlocking!
Opened!
Locked!
Closed!
Unlocking!
Opened!
Locked!
Closed!
Unlocking!
Opened!
Locked!
Closed!
Unlocking!
Opened!
Locked!
Closed!
Unlocking!
Opened!
Locked!
Closed!
Unlocking!
Opened!
Locked!
Closed!
Unlocking!
Opened!
Locked!
Closed!
Unlocking!
Opened!
Locked!
Closed!
Unlocking!
Opened!
Locked!
Closed!
Unlocking!
Opened!
Locked!
Closed!
Unlocking!
Opened!
Locked!
Closed!
Unlocking!
Opened!
Locked!
Closed!
Unlocking!
Opened!
Locked!
Closed!
Unlocking!
Opened!
Locked!
Closed!
Unlocking!
Opened!
Locked!
Closed!
Unlocking!
Opened!
Locked!
Closed!
Unlocking!
Opened!
Locked!
Closed!
Unlocking!
Opened!
Locked!
Closed!
Unlocking!
Opened!
Locked!
Closed!
Unlocking!
Opened!
Locked!
Closed!
Unlocking!
Opened!
Locked!
Closed!
Unlocking!
Opened!
Locked!
Closed!
Unlocking!
Opened!
Locked!
Closed!
Unlocking!
Opened!
Locked!
Closed!
Unlocking!
Opened!
Locked!
Closed!
Unlocking!
Opened!
Locked!
Closed!
Unlocking!
Opened!
Locked!
Closed!
Unlocking!
Opened!
Locked!
Closed!
Unlocking!
Opened!
Locked!
Closed!
Unlocking!
Opened!
Locked!
Closed!
Unlocking!
Opened!
Locked!
Closed!
Unlocking!
Opened!
Locked!
Closed!
Unlocking!
Opened!
Locked!
Closed!
Unlocking!
Opened!
Locked!
Closed!
Unlocking!
Opened!
Locked!
Closed!
Unlocking!
Opened!
Locked!
Closed!
Unlocking!
Opened!
Locked!
Closed!
Unlocking!
Opened!
Locked!
Closed!
Unlocking!
Opened!
Locked!
Closed!
Unlocking!
Opened!
Locked!
Closed!
Unlocking!
Opened!
Locked!
Closed!
Unlocking!
Opened!
Locked!
Closed!
Unlocking!
Opened!
Locked!
Closed!
Ulocig
Opened!
Locked!
Closed!
Unlocking!
SepesEaldGoin!
Arrvd
Opened!
kd
Steppers Disabled!
Sepr nbe!
igto eo
Closed!
nokn!
 eod
 rvld 22
 rvld J3 rvld 1
 rvld 0
Opened!
Locked!
Steppers Disabled!
Closed!
Unlocking!
Opened!
Locked!
Traceback (most recent call last):
  File "/usr/lib/python3/dist-packages/serial/serialposix.py", line 501, in read
    'device reports readiness to read but returned no data '
serial.serialutil.SerialException: device reports readiness to read but returned no data (device disconnected or multiple access on port?)

During handling of the above exception, another exception occurred:

Traceback (most recent call last):
  File "/home/pi/Hextronics/IndoorMain.py", line 15, in <module>
    write("lock_close")
  File "/home/pi/Hextronics/serWrite.py", line 19, in write
    line = ser.readline().decode('utf-8').rstrip()
  File "/usr/lib/python3/dist-packages/serial/serialposix.py", line 509, in read
    raise SerialException('read failed: {}'.format(e))
serial.serialutil.SerialException: read failed: device reports readiness to read but returned no data (device disconnected or multiple access on port?)
Unlocking!
Opened!
Locked!
Closed!
Unlocking!
Opened!
Locked!
Closed!
Unlocking!
Opened!
Locked!
Closed!
Unlocking!
SepraldGoing!
Arvd
Opened!
Locked!
Steppers Disabled!
Stp e!
Closed!
Unlocking!
Arrived!
Opened!
Locked!
Arrived!
Closed!
Unlocking!
Gripper Done
Arrived!
Opened!
Locked!
Arrived!
Closed!
Unlocking!
Arrived!
Opened!
Locked!
Arrived!
Closed!
Unlocking!
Arrived!
Opened!
Locked!
Arrived!
Closed!
Unlocking!
Se e!
Opened!
Locked!
All Zeroed!
J1 traveled: -47
J2 traveled: -1
J3 traveled: -65
J4 traveled: -23
Closed!
Traceback (most recent call last):
  File "/usr/lib/python3/dist-packages/serial/serialposix.py", line 501, in read
    'device reports readiness to read but returned no data '
serial.serialutil.SerialException: device reports readiness to read but returned no data (device disconnected or multiple access on port?)

During handling of the above exception, another exception occurred:

Traceback (most recent call last):
  File "/home/pi/Hextronics/IndoorMain.py", line 12, in <module>
    write("lock_open")
  File "/home/pi/Hextronics/serWrite.py", line 19, in write
    line = ser.readline().decode('utf-8').rstrip()
  File "/usr/lib/python3/dist-packages/serial/serialposix.py", line 509, in read
    raise SerialException('read failed: {}'.format(e))
serial.serialutil.SerialException: read failed: device reports readiness to read but returned no data (device disconnected or multiple access on port?)
Unlocking!
Opened!
Locked!
Closed!
Unlocking!
Opened!
Locked!
Closed!
Unlocking!
Opened!
Locked!
Closed!
Unlocking!
Opened!
Locked!
Closed!
Unlocking!
Opened!
Locked!
Closed!
Unlocking!
OeigRo!
Opened!
Locked!
Closed!
Unlocking!
157756
Roofs Done!
Arrived!
Opened!
Locked!
Closed!
Unlocking!
Opened!
Locked!
Closed!
Unlocking!
Opened!
Locked!
Closed!
Unlocking!
Opened!
Locked!
Closed!
Unlocking!
Opened!
Locked!
Closed!
Unlocking!
Opened!
Locked!
Closed!
Unlocking!
Opened!
Locked!
Closed!
Unlocking!
Opened!
Locked!
Closed!
Unlocking!
Opened!
Locked!
Closed!
Unlocking!
Opened!
Locked!
Closed!
Unlocking!
Opened!
Locked!
Closed!
Unlocking!
Opened!
Locked!
Closed!
Unlocking!
Opened!
Locked!
Closed!
Unlocking!
Opened!
Locked!
Closed!
Unlocking!
Opened!
Locked!
Closed!
Unlocking!
Opened!
Locked!
Closed!
Unlocking!
Opened!
Locked!
Closed!
Unlocking!
Opened!
Locked!
Closed!
Unlocking!
Opened!
Locked!
Closed!
Unlocking!
Opened!
Locked!
Closed!
Unlocking!
Opened!
Locked!
Closed!
Unlocking!
Opened!
Locked!
Closed!
Unlocking!
Opened!
Locked!
Closed!
Unlocking!
Opened!
Locked!
Closed!
Unlocking!
Opened!
Locked!
Closed!
Unlocking!
Opened!
Locked!
Closed!
Unlocking!
Opened!
Locked!
Closed!
Unlocking!
Opened!
Locked!
Closed!
Unlocking!
Opened!
Locked!
Closed!
Unlocking!
Opened!
Locked!
Closed!
Unlocking!
Opened!
Locked!
Closed!
Unlocking!
Opened!
Locked!
Closed!
Unlocking!
Opened!
Locked!
Closed!
Unlocking!
Opened!
Locked!
Closed!
Unlocking!
Opened!
Locked!
Closed!
Unlocking!
Traceback (most recent call last):
  File "/home/pi/Hextronics/IndoorMain.py", line 12, in <module>
    write("lock_open")
  File "/home/pi/Hextronics/serWrite.py", line 18, in write
    if ser.in_waiting > 0:
  File "/usr/lib/python3/dist-packages/serial/serialposix.py", line 467, in in_waiting
    s = fcntl.ioctl(self.fd, TIOCINQ, TIOCM_zero_str)
OSError: [Errno 5] Input/output error
stty: /dev/ttyACM0: No such file or directory
Traceback (most recent call last):
  File "/usr/lib/python3/dist-packages/serial/serialposix.py", line 265, in open
    self.fd = os.open(self.portstr, os.O_RDWR | os.O_NOCTTY | os.O_NONBLOCK)
FileNotFoundError: [Errno 2] No such file or directory: '/dev/ttyACM0'

During handling of the above exception, another exception occurred:

Traceback (most recent call last):
  File "/home/pi/Hextronics/IndoorMain.py", line 12, in <module>
    write("lock_open")
  File "/home/pi/Hextronics/serWrite.py", line 11, in write
    ser = serial.Serial('/dev/ttyACM0', 115200, timeout=1,dsrdtr=False)
  File "/usr/lib/python3/dist-packages/serial/serialutil.py", line 240, in __init__
    self.open()
  File "/usr/lib/python3/dist-packages/serial/serialposix.py", line 268, in open
    raise SerialException(msg.errno, "could not open port {}: {}".format(self._port, msg))
serial.serialutil.SerialException: [Errno 2] could not open port /dev/ttyACM0: [Errno 2] No such file or directory: '/dev/ttyACM0'
stty: /dev/ttyACM0: No such file or directory
Traceback (most recent call last):
  File "/usr/lib/python3/dist-packages/serial/serialposix.py", line 265, in open
    self.fd = os.open(self.portstr, os.O_RDWR | os.O_NOCTTY | os.O_NONBLOCK)
FileNotFoundError: [Errno 2] No such file or directory: '/dev/ttyACM0'

During handling of the above exception, another exception occurred:

Traceback (most recent call last):
  File "/home/pi/Hextronics/IndoorMain.py", line 12, in <module>
    write("lock_open")
  File "/home/pi/Hextronics/serWrite.py", line 11, in write
    ser = serial.Serial('/dev/ttyACM0', 115200, timeout=1,dsrdtr=False)
  File "/usr/lib/python3/dist-packages/serial/serialutil.py", line 240, in __init__
    self.open()
  File "/usr/lib/python3/dist-packages/serial/serialposix.py", line 268, in open
    raise SerialException(msg.errno, "could not open port {}: {}".format(self._port, msg))
serial.serialutil.SerialException: [Errno 2] could not open port /dev/ttyACM0: [Errno 2] No such file or directory: '/dev/ttyACM0'
stty: /dev/ttyACM0: No such file or directory
Traceback (most recent call last):
  File "/usr/lib/python3/dist-packages/serial/serialposix.py", line 265, in open
    self.fd = os.open(self.portstr, os.O_RDWR | os.O_NOCTTY | os.O_NONBLOCK)
FileNotFoundError: [Errno 2] No such file or directory: '/dev/ttyACM0'

During handling of the above exception, another exception occurred:

Traceback (most recent call last):
  File "/home/pi/Hextronics/IndoorMain.py", line 12, in <module>
    write("lock_open")
  File "/home/pi/Hextronics/serWrite.py", line 11, in write
    ser = serial.Serial('/dev/ttyACM0', 115200, timeout=1,dsrdtr=False)
  File "/usr/lib/python3/dist-packages/serial/serialutil.py", line 240, in __init__
    self.open()
  File "/usr/lib/python3/dist-packages/serial/serialposix.py", line 268, in open
    raise SerialException(msg.errno, "could not open port {}: {}".format(self._port, msg))
serial.serialutil.SerialException: [Errno 2] could not open port /dev/ttyACM0: [Errno 2] No such file or directory: '/dev/ttyACM0'
stty: /dev/ttyACM0: No such file or directory
Traceback (most recent call last):
  File "/usr/lib/python3/dist-packages/serial/serialposix.py", line 265, in open
    self.fd = os.open(self.portstr, os.O_RDWR | os.O_NOCTTY | os.O_NONBLOCK)
FileNotFoundError: [Errno 2] No such file or directory: '/dev/ttyACM0'

During handling of the above exception, another exception occurred:

Traceback (most recent call last):
  File "/home/pi/Hextronics/IndoorMain.py", line 12, in <module>
    write("lock_open")
  File "/home/pi/Hextronics/serWrite.py", line 11, in write
    ser = serial.Serial('/dev/ttyACM0', 115200, timeout=1,dsrdtr=False)
  File "/usr/lib/python3/dist-packages/serial/serialutil.py", line 240, in __init__
    self.open()
  File "/usr/lib/python3/dist-packages/serial/serialposix.py", line 268, in open
    raise SerialException(msg.errno, "could not open port {}: {}".format(self._port, msg))
serial.serialutil.SerialException: [Errno 2] could not open port /dev/ttyACM0: [Errno 2] No such file or directory: '/dev/ttyACM0'
stty: /dev/ttyACM0: No such file or directory
Traceback (most recent call last):
  File "/usr/lib/python3/dist-packages/serial/serialposix.py", line 265, in open
    self.fd = os.open(self.portstr, os.O_RDWR | os.O_NOCTTY | os.O_NONBLOCK)
FileNotFoundError: [Errno 2] No such file or directory: '/dev/ttyACM0'

During handling of the above exception, another exception occurred:

Traceback (most recent call last):
  File "/home/pi/Hextronics/IndoorMain.py", line 12, in <module>
    write("lock_open")
  File "/home/pi/Hextronics/serWrite.py", line 11, in write
    ser = serial.Serial('/dev/ttyACM0', 115200, timeout=1,dsrdtr=False)
  File "/usr/lib/python3/dist-packages/serial/serialutil.py", line 240, in __init__
    self.open()
  File "/usr/lib/python3/dist-packages/serial/serialposix.py", line 268, in open
    raise SerialException(msg.errno, "could not open port {}: {}".format(self._port, msg))
serial.serialutil.SerialException: [Errno 2] could not open port /dev/ttyACM0: [Errno 2] No such file or directory: '/dev/ttyACM0'
stty: /dev/ttyACM0: No such file or directory
Traceback (most recent call last):
  File "/usr/lib/python3/dist-packages/serial/serialposix.py", line 265, in open
    self.fd = os.open(self.portstr, os.O_RDWR | os.O_NOCTTY | os.O_NONBLOCK)
FileNotFoundError: [Errno 2] No such file or directory: '/dev/ttyACM0'

During handling of the above exception, another exception occurred:

Traceback (most recent call last):
  File "/home/pi/Hextronics/IndoorMain.py", line 12, in <module>
    write("lock_open")
  File "/home/pi/Hextronics/serWrite.py", line 11, in write
    ser = serial.Serial('/dev/ttyACM0', 115200, timeout=1,dsrdtr=False)
  File "/usr/lib/python3/dist-packages/serial/serialutil.py", line 240, in __init__
    self.open()
  File "/usr/lib/python3/dist-packages/serial/serialposix.py", line 268, in open
    raise SerialException(msg.errno, "could not open port {}: {}".format(self._port, msg))
serial.serialutil.SerialException: [Errno 2] could not open port /dev/ttyACM0: [Errno 2] No such file or directory: '/dev/ttyACM0'
stty: /dev/ttyACM0: No such file or directory
Traceback (most recent call last):
  File "/usr/lib/python3/dist-packages/serial/serialposix.py", line 265, in open
    self.fd = os.open(self.portstr, os.O_RDWR | os.O_NOCTTY | os.O_NONBLOCK)
FileNotFoundError: [Errno 2] No such file or directory: '/dev/ttyACM0'

During handling of the above exception, another exception occurred:

Traceback (most recent call last):
  File "/home/pi/Hextronics/IndoorMain.py", line 12, in <module>
    write("lock_open")
  File "/home/pi/Hextronics/serWrite.py", line 11, in write
    ser = serial.Serial('/dev/ttyACM0', 115200, timeout=1,dsrdtr=False)
  File "/usr/lib/python3/dist-packages/serial/serialutil.py", line 240, in __init__
    self.open()
  File "/usr/lib/python3/dist-packages/serial/serialposix.py", line 268, in open
    raise SerialException(msg.errno, "could not open port {}: {}".format(self._port, msg))
serial.serialutil.SerialException: [Errno 2] could not open port /dev/ttyACM0: [Errno 2] No such file or directory: '/dev/ttyACM0'
stty: /dev/ttyACM0: No such file or directory
Traceback (most recent call last):
  File "/usr/lib/python3/dist-packages/serial/serialposix.py", line 265, in open
    self.fd = os.open(self.portstr, os.O_RDWR | os.O_NOCTTY | os.O_NONBLOCK)
FileNotFoundError: [Errno 2] No such file or directory: '/dev/ttyACM0'

During handling of the above exception, another exception occurred:

Traceback (most recent call last):
  File "/home/pi/Hextronics/IndoorMain.py", line 12, in <module>
    write("lock_open")
  File "/home/pi/Hextronics/serWrite.py", line 11, in write
    ser = serial.Serial('/dev/ttyACM0', 115200, timeout=1,dsrdtr=False)
  File "/usr/lib/python3/dist-packages/serial/serialutil.py", line 240, in __init__
    self.open()
  File "/usr/lib/python3/dist-packages/serial/serialposix.py", line 268, in open
    raise SerialException(msg.errno, "could not open port {}: {}".format(self._port, msg))
serial.serialutil.SerialException: [Errno 2] could not open port /dev/ttyACM0: [Errno 2] No such file or directory: '/dev/ttyACM0'
stty: /dev/ttyACM0: No such file or directory
Traceback (most recent call last):
  File "/usr/lib/python3/dist-packages/serial/serialposix.py", line 265, in open
    self.fd = os.open(self.portstr, os.O_RDWR | os.O_NOCTTY | os.O_NONBLOCK)
FileNotFoundError: [Errno 2] No such file or directory: '/dev/ttyACM0'

During handling of the above exception, another exception occurred:

Traceback (most recent call last):
  File "/home/pi/Hextronics/IndoorMain.py", line 12, in <module>
    write("lock_open")
  File "/home/pi/Hextronics/serWrite.py", line 11, in write
    ser = serial.Serial('/dev/ttyACM0', 115200, timeout=1,dsrdtr=False)
  File "/usr/lib/python3/dist-packages/serial/serialutil.py", line 240, in __init__
    self.open()
  File "/usr/lib/python3/dist-packages/serial/serialposix.py", line 268, in open
    raise SerialException(msg.errno, "could not open port {}: {}".format(self._port, msg))
serial.serialutil.SerialException: [Errno 2] could not open port /dev/ttyACM0: [Errno 2] No such file or directory: '/dev/ttyACM0'
stty: /dev/ttyACM0: No such file or directory
Traceback (most recent call last):
  File "/usr/lib/python3/dist-packages/serial/serialposix.py", line 265, in open
    self.fd = os.open(self.portstr, os.O_RDWR | os.O_NOCTTY | os.O_NONBLOCK)
FileNotFoundError: [Errno 2] No such file or directory: '/dev/ttyACM0'

During handling of the above exception, another exception occurred:

Traceback (most recent call last):
  File "/home/pi/Hextronics/IndoorMain.py", line 12, in <module>
    write("lock_open")
  File "/home/pi/Hextronics/serWrite.py", line 11, in write
    ser = serial.Serial('/dev/ttyACM0', 115200, timeout=1,dsrdtr=False)
  File "/usr/lib/python3/dist-packages/serial/serialutil.py", line 240, in __init__
    self.open()
  File "/usr/lib/python3/dist-packages/serial/serialposix.py", line 268, in open
    raise SerialException(msg.errno, "could not open port {}: {}".format(self._port, msg))
serial.serialutil.SerialException: [Errno 2] could not open port /dev/ttyACM0: [Errno 2] No such file or directory: '/dev/ttyACM0'
                                                                                                                                                                                                                                                                                                                                                                                                                                                                                                                                                                                                                                                                                                                                                                                                                                                                                                                                                                                                                                                                              stty: /dev/ttyACM0: No such file or directory
Traceback (most recent call last):
  File "/usr/lib/python3/dist-packages/serial/serialposix.py", line 265, in open
    self.fd = os.open(self.portstr, os.O_RDWR | os.O_NOCTTY | os.O_NONBLOCK)
FileNotFoundError: [Errno 2] No such file or directory: '/dev/ttyACM0'

During handling of the above exception, another exception occurred:

Traceback (most recent call last):
  File "/home/pi/Hextronics/IndoorMain.py", line 12, in <module>
    write("lock_open")
  File "/home/pi/Hextronics/serWrite.py", line 11, in write
    ser = serial.Serial('/dev/ttyACM0', 115200, timeout=1,dsrdtr=False)
  File "/usr/lib/python3/dist-packages/serial/serialutil.py", line 240, in __init__
    self.open()
  File "/usr/lib/python3/dist-packages/serial/serialposix.py", line 268, in open
    raise SerialException(msg.errno, "could not open port {}: {}".format(self._port, msg))
serial.serialutil.SerialException: [Errno 2] could not open port /dev/ttyACM0: [Errno 2] No such file or directory: '/dev/ttyACM0'
stty: /dev/ttyACM0: No such file or directory
Traceback (most recent call last):
  File "/usr/lib/python3/dist-packages/serial/serialposix.py", line 265, in open
    self.fd = os.open(self.portstr, os.O_RDWR | os.O_NOCTTY | os.O_NONBLOCK)
FileNotFoundError: [Errno 2] No such file or directory: '/dev/ttyACM0'

During handling of the above exception, another exception occurred:

Traceback (most recent call last):
  File "/home/pi/Hextronics/IndoorMain.py", line 12, in <module>
    write("lock_open")
  File "/home/pi/Hextronics/serWrite.py", line 11, in write
    ser = serial.Serial('/dev/ttyACM0', 115200, timeout=1,dsrdtr=False)
  File "/usr/lib/python3/dist-packages/serial/serialutil.py", line 240, in __init__
    self.open()
  File "/usr/lib/python3/dist-packages/serial/serialposix.py", line 268, in open
    raise SerialException(msg.errno, "could not open port {}: {}".format(self._port, msg))
serial.serialutil.SerialException: [Errno 2] could not open port /dev/ttyACM0: [Errno 2] No such file or directory: '/dev/ttyACM0'
stty: /dev/ttyACM0: No such file or directory
Traceback (most recent call last):
  File "/usr/lib/python3/dist-packages/serial/serialposix.py", line 265, in open
    self.fd = os.open(self.portstr, os.O_RDWR | os.O_NOCTTY | os.O_NONBLOCK)
FileNotFoundError: [Errno 2] No such file or directory: '/dev/ttyACM0'

During handling of the above exception, another exception occurred:

Traceback (most recent call last):
  File "/home/pi/Hextronics/IndoorMain.py", line 12, in <module>
    write("lock_open")
  File "/home/pi/Hextronics/serWrite.py", line 11, in write
    ser = serial.Serial('/dev/ttyACM0', 115200, timeout=1,dsrdtr=False)
  File "/usr/lib/python3/dist-packages/serial/serialutil.py", line 240, in __init__
    self.open()
  File "/usr/lib/python3/dist-packages/serial/serialposix.py", line 268, in open
    raise SerialException(msg.errno, "could not open port {}: {}".format(self._port, msg))
serial.serialutil.SerialException: [Errno 2] could not open port /dev/ttyACM0: [Errno 2] No such file or directory: '/dev/ttyACM0'
stty: /dev/ttyACM0: No such file or directory
Traceback (most recent call last):
  File "/usr/lib/python3/dist-packages/serial/serialposix.py", line 265, in open
    self.fd = os.open(self.portstr, os.O_RDWR | os.O_NOCTTY | os.O_NONBLOCK)
FileNotFoundError: [Errno 2] No such file or directory: '/dev/ttyACM0'

During handling of the above exception, another exception occurred:

Traceback (most recent call last):
  File "/home/pi/Hextronics/IndoorMain.py", line 12, in <module>
    write("lock_open")
  File "/home/pi/Hextronics/serWrite.py", line 11, in write
    ser = serial.Serial('/dev/ttyACM0', 115200, timeout=1,dsrdtr=False)
  File "/usr/lib/python3/dist-packages/serial/serialutil.py", line 240, in __init__
    self.open()
  File "/usr/lib/python3/dist-packages/serial/serialposix.py", line 268, in open
    raise SerialException(msg.errno, "could not open port {}: {}".format(self._port, msg))
serial.serialutil.SerialException: [Errno 2] could not open port /dev/ttyACM0: [Errno 2] No such file or directory: '/dev/ttyACM0'
stty: /dev/ttyACM0: No such file or directory
Traceback (most recent call last):
  File "/usr/lib/python3/dist-packages/serial/serialposix.py", line 265, in open
    self.fd = os.open(self.portstr, os.O_RDWR | os.O_NOCTTY | os.O_NONBLOCK)
FileNotFoundError: [Errno 2] No such file or directory: '/dev/ttyACM0'

During handling of the above exception, another exception occurred:

Traceback (most recent call last):
  File "/home/pi/Hextronics/IndoorMain.py", line 12, in <module>
    write("lock_open")
  File "/home/pi/Hextronics/serWrite.py", line 11, in write
    ser = serial.Serial('/dev/ttyACM0', 115200, timeout=1,dsrdtr=False)
  File "/usr/lib/python3/dist-packages/serial/serialutil.py", line 240, in __init__
    self.open()
  File "/usr/lib/python3/dist-packages/serial/serialposix.py", line 268, in open
    raise SerialException(msg.errno, "could not open port {}: {}".format(self._port, msg))
serial.serialutil.SerialException: [Errno 2] could not open port /dev/ttyACM0: [Errno 2] No such file or directory: '/dev/ttyACM0'
